Simulator report for LAB03
Tue Oct 28 13:46:41 2025
Quartus II 64-Bit Version 13.0.1 Build 232 06/12/2013 Service Pack 1 SJ Web Edition


---------------------
; Table of Contents ;
---------------------
  1. Legal Notice
  2. Simulator Summary
  3. Simulator Settings
  4. Simulation Waveforms
  5. Coverage Summary
  6. Complete 1/0-Value Coverage
  7. Missing 1-Value Coverage
  8. Missing 0-Value Coverage
  9. Simulator INI Usage
 10. Simulator Messages



----------------
; Legal Notice ;
----------------
Copyright (C) 1991-2013 Altera Corporation
Your use of Altera Corporation's design tools, logic functions 
and other software and tools, and its AMPP partner logic 
functions, and any output files from any of the foregoing 
(including device programming or simulation files), and any 
associated documentation or information are expressly subject 
to the terms and conditions of the Altera Program License 
Subscription Agreement, Altera MegaCore Function License 
Agreement, or other applicable license agreement, including, 
without limitation, that your use is for the sole purpose of 
programming logic devices manufactured by Altera and sold by 
Altera or its authorized distributors.  Please refer to the 
applicable agreement for further details.



+--------------------------------------------+
; Simulator Summary                          ;
+-----------------------------+--------------+
; Type                        ; Value        ;
+-----------------------------+--------------+
; Simulation Start Time       ; 0 ps         ;
; Simulation End Time         ; 1.0 us       ;
; Simulation Netlist Size     ; 182 nodes    ;
; Simulation Coverage         ;     100.00 % ;
; Total Number of Transitions ; 2179         ;
; Simulation Breakpoints      ; 0            ;
; Family                      ; Cyclone II   ;
+-----------------------------+--------------+


+----------------------------------------------------------------------------------------------------------------------------------------------+
; Simulator Settings                                                                                                                           ;
+--------------------------------------------------------------------------------------------+---------------------------------+---------------+
; Option                                                                                     ; Setting                         ; Default Value ;
+--------------------------------------------------------------------------------------------+---------------------------------+---------------+
; Simulation mode                                                                            ; Functional                      ; Timing        ;
; Start time                                                                                 ; 0 ns                            ; 0 ns          ;
; Simulation results format                                                                  ; VWF                             ;               ;
; Vector input source                                                                        ; C:/altera/LAB03ALU/ALU-8BIT.vwf ;               ;
; Add pins automatically to simulation output waveforms                                      ; On                              ; On            ;
; Check outputs                                                                              ; Off                             ; Off           ;
; Report simulation coverage                                                                 ; On                              ; On            ;
; Display complete 1/0 value coverage report                                                 ; On                              ; On            ;
; Display missing 1-value coverage report                                                    ; On                              ; On            ;
; Display missing 0-value coverage report                                                    ; On                              ; On            ;
; Detect setup and hold time violations                                                      ; Off                             ; Off           ;
; Detect glitches                                                                            ; Off                             ; Off           ;
; Disable timing delays in Timing Simulation                                                 ; Off                             ; Off           ;
; Generate Signal Activity File                                                              ; Off                             ; Off           ;
; Generate VCD File for PowerPlay Power Analyzer                                             ; Off                             ; Off           ;
; Group bus channels in simulation results                                                   ; Off                             ; Off           ;
; Preserve fewer signal transitions to reduce memory requirements                            ; On                              ; On            ;
; Trigger vector comparison with the specified mode                                          ; INPUT_EDGE                      ; INPUT_EDGE    ;
; Disable setup and hold time violations detection in input registers of bi-directional pins ; Off                             ; Off           ;
; Overwrite Waveform Inputs With Simulation Outputs                                          ; Off                             ;               ;
; Perform Glitch Filtering in Timing Simulation                                              ; Auto                            ; Auto          ;
+--------------------------------------------------------------------------------------------+---------------------------------+---------------+


+----------------------+
; Simulation Waveforms ;
+----------------------+
Waveform report data cannot be output to ASCII.
Please use Quartus II 64-Bit to view the waveform report data.


+--------------------------------------------------------------------+
; Coverage Summary                                                   ;
+-----------------------------------------------------+--------------+
; Type                                                ; Value        ;
+-----------------------------------------------------+--------------+
; Total coverage as a percentage                      ;     100.00 % ;
; Total nodes checked                                 ; 182          ;
; Total output ports checked                          ; 182          ;
; Total output ports with complete 1/0-value coverage ; 182          ;
; Total output ports with no 1/0-value coverage       ; 0            ;
; Total output ports with no 1-value coverage         ; 0            ;
; Total output ports with no 0-value coverage         ; 0            ;
+-----------------------------------------------------+--------------+


The following table displays output ports that toggle between 1 and 0 during simulation.
+--------------------------------------------------------------------------------------------------------------------------------------------------------------------+
; Complete 1/0-Value Coverage                                                                                                                                        ;
+------------------------------------------------------------------------+------------------------------------------------------------------------+------------------+
; Node Name                                                              ; Output Port Name                                                       ; Output Port Type ;
+------------------------------------------------------------------------+------------------------------------------------------------------------+------------------+
; |ALU-8BIT|Zero_flat                                                    ; |ALU-8BIT|Zero_flat                                                    ; pin_out          ;
; |ALU-8BIT|inst7                                                        ; |ALU-8BIT|inst7                                                        ; out0             ;
; |ALU-8BIT|A0                                                           ; |ALU-8BIT|A0                                                           ; out              ;
; |ALU-8BIT|B0                                                           ; |ALU-8BIT|B0                                                           ; out              ;
; |ALU-8BIT|Cin                                                          ; |ALU-8BIT|Cin                                                          ; out              ;
; |ALU-8BIT|M                                                            ; |ALU-8BIT|M                                                            ; out              ;
; |ALU-8BIT|S1                                                           ; |ALU-8BIT|S1                                                           ; out              ;
; |ALU-8BIT|S0                                                           ; |ALU-8BIT|S0                                                           ; out              ;
; |ALU-8BIT|A2                                                           ; |ALU-8BIT|A2                                                           ; out              ;
; |ALU-8BIT|B2                                                           ; |ALU-8BIT|B2                                                           ; out              ;
; |ALU-8BIT|A1                                                           ; |ALU-8BIT|A1                                                           ; out              ;
; |ALU-8BIT|B1                                                           ; |ALU-8BIT|B1                                                           ; out              ;
; |ALU-8BIT|A3                                                           ; |ALU-8BIT|A3                                                           ; out              ;
; |ALU-8BIT|B3                                                           ; |ALU-8BIT|B3                                                           ; out              ;
; |ALU-8BIT|R0                                                           ; |ALU-8BIT|R0                                                           ; pin_out          ;
; |ALU-8BIT|R1                                                           ; |ALU-8BIT|R1                                                           ; pin_out          ;
; |ALU-8BIT|R2                                                           ; |ALU-8BIT|R2                                                           ; pin_out          ;
; |ALU-8BIT|R3                                                           ; |ALU-8BIT|R3                                                           ; pin_out          ;
; |ALU-8BIT|overflow                                                     ; |ALU-8BIT|overflow                                                     ; pin_out          ;
; |ALU-8BIT|inst6                                                        ; |ALU-8BIT|inst6                                                        ; out0             ;
; |ALU-8BIT|inst5                                                        ; |ALU-8BIT|inst5                                                        ; out0             ;
; |ALU-8BIT|MUX21:inst8|inst4                                            ; |ALU-8BIT|MUX21:inst8|inst4                                            ; out0             ;
; |ALU-8BIT|MUX21:inst8|inst2                                            ; |ALU-8BIT|MUX21:inst8|inst2                                            ; out0             ;
; |ALU-8BIT|MUX21:inst8|inst3                                            ; |ALU-8BIT|MUX21:inst8|inst3                                            ; out0             ;
; |ALU-8BIT|ALU-1BIT:inst2|inst2                                         ; |ALU-8BIT|ALU-1BIT:inst2|inst2                                         ; out0             ;
; |ALU-8BIT|ALU-1BIT:inst2|inst7                                         ; |ALU-8BIT|ALU-1BIT:inst2|inst7                                         ; out0             ;
; |ALU-8BIT|ALU-1BIT:inst2|inst8                                         ; |ALU-8BIT|ALU-1BIT:inst2|inst8                                         ; out0             ;
; |ALU-8BIT|ALU-1BIT:inst2|MUX81:inst|MUX41:inst2|6                      ; |ALU-8BIT|ALU-1BIT:inst2|MUX81:inst|MUX41:inst2|6                      ; out0             ;
; |ALU-8BIT|ALU-1BIT:inst2|MUX81:inst|MUX41:inst2|inst                   ; |ALU-8BIT|ALU-1BIT:inst2|MUX81:inst|MUX41:inst2|inst                   ; out0             ;
; |ALU-8BIT|ALU-1BIT:inst2|MUX81:inst|MUX41:inst2|inst1                  ; |ALU-8BIT|ALU-1BIT:inst2|MUX81:inst|MUX41:inst2|inst1                  ; out0             ;
; |ALU-8BIT|ALU-1BIT:inst2|MUX81:inst|MUX41:inst2|inst2                  ; |ALU-8BIT|ALU-1BIT:inst2|MUX81:inst|MUX41:inst2|inst2                  ; out0             ;
; |ALU-8BIT|ALU-1BIT:inst2|MUX81:inst|MUX41:inst2|inst3                  ; |ALU-8BIT|ALU-1BIT:inst2|MUX81:inst|MUX41:inst2|inst3                  ; out0             ;
; |ALU-8BIT|ALU-1BIT:inst2|MUX81:inst|MUX41:inst10|6                     ; |ALU-8BIT|ALU-1BIT:inst2|MUX81:inst|MUX41:inst10|6                     ; out0             ;
; |ALU-8BIT|ALU-1BIT:inst2|MUX81:inst|MUX41:inst10|inst                  ; |ALU-8BIT|ALU-1BIT:inst2|MUX81:inst|MUX41:inst10|inst                  ; out0             ;
; |ALU-8BIT|ALU-1BIT:inst2|MUX81:inst|MUX41:inst10|inst1                 ; |ALU-8BIT|ALU-1BIT:inst2|MUX81:inst|MUX41:inst10|inst1                 ; out0             ;
; |ALU-8BIT|ALU-1BIT:inst2|MUX81:inst|MUX41:inst10|inst2                 ; |ALU-8BIT|ALU-1BIT:inst2|MUX81:inst|MUX41:inst10|inst2                 ; out0             ;
; |ALU-8BIT|ALU-1BIT:inst2|MUX81:inst|MUX41:inst10|inst3                 ; |ALU-8BIT|ALU-1BIT:inst2|MUX81:inst|MUX41:inst10|inst3                 ; out0             ;
; |ALU-8BIT|ALU-1BIT:inst2|MUX81:inst|MUX21:inst|inst4                   ; |ALU-8BIT|ALU-1BIT:inst2|MUX81:inst|MUX21:inst|inst4                   ; out0             ;
; |ALU-8BIT|ALU-1BIT:inst2|MUX81:inst|MUX21:inst|inst2                   ; |ALU-8BIT|ALU-1BIT:inst2|MUX81:inst|MUX21:inst|inst2                   ; out0             ;
; |ALU-8BIT|ALU-1BIT:inst2|MUX81:inst|MUX21:inst|inst3                   ; |ALU-8BIT|ALU-1BIT:inst2|MUX81:inst|MUX21:inst|inst3                   ; out0             ;
; |ALU-8BIT|ALU-1BIT:inst2|DECREMENT-A:inst9|Full_Subtractor:inst5|inst7 ; |ALU-8BIT|ALU-1BIT:inst2|DECREMENT-A:inst9|Full_Subtractor:inst5|inst7 ; out0             ;
; |ALU-8BIT|ALU-1BIT:inst2|DECREMENT-A:inst9|Full_Subtractor:inst5|inst8 ; |ALU-8BIT|ALU-1BIT:inst2|DECREMENT-A:inst9|Full_Subtractor:inst5|inst8 ; out0             ;
; |ALU-8BIT|ALU-1BIT:inst2|DECREMENT-A:inst9|Full_Subtractor:inst5|inst9 ; |ALU-8BIT|ALU-1BIT:inst2|DECREMENT-A:inst9|Full_Subtractor:inst5|inst9 ; out0             ;
; |ALU-8BIT|ALU-1BIT:inst2|INCREMENT-A:inst12|Full_Adder:inst5|inst7     ; |ALU-8BIT|ALU-1BIT:inst2|INCREMENT-A:inst12|Full_Adder:inst5|inst7     ; out0             ;
; |ALU-8BIT|ALU-1BIT:inst2|INCREMENT-A:inst12|Full_Adder:inst5|inst8     ; |ALU-8BIT|ALU-1BIT:inst2|INCREMENT-A:inst12|Full_Adder:inst5|inst8     ; out0             ;
; |ALU-8BIT|ALU-1BIT:inst2|INCREMENT-A:inst12|Full_Adder:inst5|inst9     ; |ALU-8BIT|ALU-1BIT:inst2|INCREMENT-A:inst12|Full_Adder:inst5|inst9     ; out0             ;
; |ALU-8BIT|ALU-1BIT:inst2|Full_Subtractor:inst11|inst7                  ; |ALU-8BIT|ALU-1BIT:inst2|Full_Subtractor:inst11|inst7                  ; out0             ;
; |ALU-8BIT|ALU-1BIT:inst2|Full_Subtractor:inst11|inst8                  ; |ALU-8BIT|ALU-1BIT:inst2|Full_Subtractor:inst11|inst8                  ; out0             ;
; |ALU-8BIT|ALU-1BIT:inst2|Full_Subtractor:inst11|inst4                  ; |ALU-8BIT|ALU-1BIT:inst2|Full_Subtractor:inst11|inst4                  ; out0             ;
; |ALU-8BIT|ALU-1BIT:inst2|Full_Subtractor:inst11|inst9                  ; |ALU-8BIT|ALU-1BIT:inst2|Full_Subtractor:inst11|inst9                  ; out0             ;
; |ALU-8BIT|ALU-1BIT:inst2|Full_Subtractor:inst11|inst3                  ; |ALU-8BIT|ALU-1BIT:inst2|Full_Subtractor:inst11|inst3                  ; out0             ;
; |ALU-8BIT|ALU-1BIT:inst2|Full_Subtractor:inst11|inst2                  ; |ALU-8BIT|ALU-1BIT:inst2|Full_Subtractor:inst11|inst2                  ; out0             ;
; |ALU-8BIT|ALU-1BIT:inst2|Full_Subtractor:inst11|inst5                  ; |ALU-8BIT|ALU-1BIT:inst2|Full_Subtractor:inst11|inst5                  ; out0             ;
; |ALU-8BIT|ALU-1BIT:inst2|Full_Subtractor:inst11|inst1                  ; |ALU-8BIT|ALU-1BIT:inst2|Full_Subtractor:inst11|inst1                  ; out0             ;
; |ALU-8BIT|ALU-1BIT:inst2|Full_Subtractor:inst11|inst6                  ; |ALU-8BIT|ALU-1BIT:inst2|Full_Subtractor:inst11|inst6                  ; out0             ;
; |ALU-8BIT|ALU-1BIT:inst2|Full_Adder:inst10|inst7                       ; |ALU-8BIT|ALU-1BIT:inst2|Full_Adder:inst10|inst7                       ; out0             ;
; |ALU-8BIT|ALU-1BIT:inst2|Full_Adder:inst10|inst8                       ; |ALU-8BIT|ALU-1BIT:inst2|Full_Adder:inst10|inst8                       ; out0             ;
; |ALU-8BIT|ALU-1BIT:inst2|Full_Adder:inst10|inst4                       ; |ALU-8BIT|ALU-1BIT:inst2|Full_Adder:inst10|inst4                       ; out0             ;
; |ALU-8BIT|ALU-1BIT:inst2|Full_Adder:inst10|inst9                       ; |ALU-8BIT|ALU-1BIT:inst2|Full_Adder:inst10|inst9                       ; out0             ;
; |ALU-8BIT|ALU-1BIT:inst2|Full_Adder:inst10|inst3                       ; |ALU-8BIT|ALU-1BIT:inst2|Full_Adder:inst10|inst3                       ; out0             ;
; |ALU-8BIT|ALU-1BIT:inst2|Full_Adder:inst10|inst2                       ; |ALU-8BIT|ALU-1BIT:inst2|Full_Adder:inst10|inst2                       ; out0             ;
; |ALU-8BIT|ALU-1BIT:inst2|Full_Adder:inst10|inst5                       ; |ALU-8BIT|ALU-1BIT:inst2|Full_Adder:inst10|inst5                       ; out0             ;
; |ALU-8BIT|ALU-1BIT:inst2|Full_Adder:inst10|inst1                       ; |ALU-8BIT|ALU-1BIT:inst2|Full_Adder:inst10|inst1                       ; out0             ;
; |ALU-8BIT|ALU-1BIT:inst2|Full_Adder:inst10|inst6                       ; |ALU-8BIT|ALU-1BIT:inst2|Full_Adder:inst10|inst6                       ; out0             ;
; |ALU-8BIT|ALU-1BIT:inst1|inst2                                         ; |ALU-8BIT|ALU-1BIT:inst1|inst2                                         ; out0             ;
; |ALU-8BIT|ALU-1BIT:inst1|inst7                                         ; |ALU-8BIT|ALU-1BIT:inst1|inst7                                         ; out0             ;
; |ALU-8BIT|ALU-1BIT:inst1|inst8                                         ; |ALU-8BIT|ALU-1BIT:inst1|inst8                                         ; out0             ;
; |ALU-8BIT|ALU-1BIT:inst1|MUX81:inst|MUX41:inst2|6                      ; |ALU-8BIT|ALU-1BIT:inst1|MUX81:inst|MUX41:inst2|6                      ; out0             ;
; |ALU-8BIT|ALU-1BIT:inst1|MUX81:inst|MUX41:inst2|inst                   ; |ALU-8BIT|ALU-1BIT:inst1|MUX81:inst|MUX41:inst2|inst                   ; out0             ;
; |ALU-8BIT|ALU-1BIT:inst1|MUX81:inst|MUX41:inst2|inst1                  ; |ALU-8BIT|ALU-1BIT:inst1|MUX81:inst|MUX41:inst2|inst1                  ; out0             ;
; |ALU-8BIT|ALU-1BIT:inst1|MUX81:inst|MUX41:inst2|inst2                  ; |ALU-8BIT|ALU-1BIT:inst1|MUX81:inst|MUX41:inst2|inst2                  ; out0             ;
; |ALU-8BIT|ALU-1BIT:inst1|MUX81:inst|MUX41:inst2|inst3                  ; |ALU-8BIT|ALU-1BIT:inst1|MUX81:inst|MUX41:inst2|inst3                  ; out0             ;
; |ALU-8BIT|ALU-1BIT:inst1|MUX81:inst|MUX41:inst10|6                     ; |ALU-8BIT|ALU-1BIT:inst1|MUX81:inst|MUX41:inst10|6                     ; out0             ;
; |ALU-8BIT|ALU-1BIT:inst1|MUX81:inst|MUX41:inst10|inst                  ; |ALU-8BIT|ALU-1BIT:inst1|MUX81:inst|MUX41:inst10|inst                  ; out0             ;
; |ALU-8BIT|ALU-1BIT:inst1|MUX81:inst|MUX41:inst10|inst1                 ; |ALU-8BIT|ALU-1BIT:inst1|MUX81:inst|MUX41:inst10|inst1                 ; out0             ;
; |ALU-8BIT|ALU-1BIT:inst1|MUX81:inst|MUX41:inst10|inst2                 ; |ALU-8BIT|ALU-1BIT:inst1|MUX81:inst|MUX41:inst10|inst2                 ; out0             ;
; |ALU-8BIT|ALU-1BIT:inst1|MUX81:inst|MUX41:inst10|inst3                 ; |ALU-8BIT|ALU-1BIT:inst1|MUX81:inst|MUX41:inst10|inst3                 ; out0             ;
; |ALU-8BIT|ALU-1BIT:inst1|MUX81:inst|MUX21:inst|inst4                   ; |ALU-8BIT|ALU-1BIT:inst1|MUX81:inst|MUX21:inst|inst4                   ; out0             ;
; |ALU-8BIT|ALU-1BIT:inst1|MUX81:inst|MUX21:inst|inst2                   ; |ALU-8BIT|ALU-1BIT:inst1|MUX81:inst|MUX21:inst|inst2                   ; out0             ;
; |ALU-8BIT|ALU-1BIT:inst1|MUX81:inst|MUX21:inst|inst3                   ; |ALU-8BIT|ALU-1BIT:inst1|MUX81:inst|MUX21:inst|inst3                   ; out0             ;
; |ALU-8BIT|ALU-1BIT:inst1|DECREMENT-A:inst9|Full_Subtractor:inst5|inst7 ; |ALU-8BIT|ALU-1BIT:inst1|DECREMENT-A:inst9|Full_Subtractor:inst5|inst7 ; out0             ;
; |ALU-8BIT|ALU-1BIT:inst1|DECREMENT-A:inst9|Full_Subtractor:inst5|inst8 ; |ALU-8BIT|ALU-1BIT:inst1|DECREMENT-A:inst9|Full_Subtractor:inst5|inst8 ; out0             ;
; |ALU-8BIT|ALU-1BIT:inst1|DECREMENT-A:inst9|Full_Subtractor:inst5|inst9 ; |ALU-8BIT|ALU-1BIT:inst1|DECREMENT-A:inst9|Full_Subtractor:inst5|inst9 ; out0             ;
; |ALU-8BIT|ALU-1BIT:inst1|DECREMENT-A:inst9|Full_Subtractor:inst5|inst1 ; |ALU-8BIT|ALU-1BIT:inst1|DECREMENT-A:inst9|Full_Subtractor:inst5|inst1 ; out0             ;
; |ALU-8BIT|ALU-1BIT:inst1|INCREMENT-A:inst12|Full_Adder:inst5|inst7     ; |ALU-8BIT|ALU-1BIT:inst1|INCREMENT-A:inst12|Full_Adder:inst5|inst7     ; out0             ;
; |ALU-8BIT|ALU-1BIT:inst1|INCREMENT-A:inst12|Full_Adder:inst5|inst8     ; |ALU-8BIT|ALU-1BIT:inst1|INCREMENT-A:inst12|Full_Adder:inst5|inst8     ; out0             ;
; |ALU-8BIT|ALU-1BIT:inst1|INCREMENT-A:inst12|Full_Adder:inst5|inst9     ; |ALU-8BIT|ALU-1BIT:inst1|INCREMENT-A:inst12|Full_Adder:inst5|inst9     ; out0             ;
; |ALU-8BIT|ALU-1BIT:inst1|INCREMENT-A:inst12|Full_Adder:inst5|inst1     ; |ALU-8BIT|ALU-1BIT:inst1|INCREMENT-A:inst12|Full_Adder:inst5|inst1     ; out0             ;
; |ALU-8BIT|ALU-1BIT:inst1|Full_Subtractor:inst11|inst7                  ; |ALU-8BIT|ALU-1BIT:inst1|Full_Subtractor:inst11|inst7                  ; out0             ;
; |ALU-8BIT|ALU-1BIT:inst1|Full_Subtractor:inst11|inst8                  ; |ALU-8BIT|ALU-1BIT:inst1|Full_Subtractor:inst11|inst8                  ; out0             ;
; |ALU-8BIT|ALU-1BIT:inst1|Full_Subtractor:inst11|inst4                  ; |ALU-8BIT|ALU-1BIT:inst1|Full_Subtractor:inst11|inst4                  ; out0             ;
; |ALU-8BIT|ALU-1BIT:inst1|Full_Subtractor:inst11|inst9                  ; |ALU-8BIT|ALU-1BIT:inst1|Full_Subtractor:inst11|inst9                  ; out0             ;
; |ALU-8BIT|ALU-1BIT:inst1|Full_Subtractor:inst11|inst3                  ; |ALU-8BIT|ALU-1BIT:inst1|Full_Subtractor:inst11|inst3                  ; out0             ;
; |ALU-8BIT|ALU-1BIT:inst1|Full_Subtractor:inst11|inst2                  ; |ALU-8BIT|ALU-1BIT:inst1|Full_Subtractor:inst11|inst2                  ; out0             ;
; |ALU-8BIT|ALU-1BIT:inst1|Full_Subtractor:inst11|inst5                  ; |ALU-8BIT|ALU-1BIT:inst1|Full_Subtractor:inst11|inst5                  ; out0             ;
; |ALU-8BIT|ALU-1BIT:inst1|Full_Subtractor:inst11|inst1                  ; |ALU-8BIT|ALU-1BIT:inst1|Full_Subtractor:inst11|inst1                  ; out0             ;
; |ALU-8BIT|ALU-1BIT:inst1|Full_Subtractor:inst11|inst6                  ; |ALU-8BIT|ALU-1BIT:inst1|Full_Subtractor:inst11|inst6                  ; out0             ;
; |ALU-8BIT|ALU-1BIT:inst1|Full_Adder:inst10|inst7                       ; |ALU-8BIT|ALU-1BIT:inst1|Full_Adder:inst10|inst7                       ; out0             ;
; |ALU-8BIT|ALU-1BIT:inst1|Full_Adder:inst10|inst8                       ; |ALU-8BIT|ALU-1BIT:inst1|Full_Adder:inst10|inst8                       ; out0             ;
; |ALU-8BIT|ALU-1BIT:inst1|Full_Adder:inst10|inst4                       ; |ALU-8BIT|ALU-1BIT:inst1|Full_Adder:inst10|inst4                       ; out0             ;
; |ALU-8BIT|ALU-1BIT:inst1|Full_Adder:inst10|inst9                       ; |ALU-8BIT|ALU-1BIT:inst1|Full_Adder:inst10|inst9                       ; out0             ;
; |ALU-8BIT|ALU-1BIT:inst1|Full_Adder:inst10|inst3                       ; |ALU-8BIT|ALU-1BIT:inst1|Full_Adder:inst10|inst3                       ; out0             ;
; |ALU-8BIT|ALU-1BIT:inst1|Full_Adder:inst10|inst2                       ; |ALU-8BIT|ALU-1BIT:inst1|Full_Adder:inst10|inst2                       ; out0             ;
; |ALU-8BIT|ALU-1BIT:inst1|Full_Adder:inst10|inst5                       ; |ALU-8BIT|ALU-1BIT:inst1|Full_Adder:inst10|inst5                       ; out0             ;
; |ALU-8BIT|ALU-1BIT:inst1|Full_Adder:inst10|inst1                       ; |ALU-8BIT|ALU-1BIT:inst1|Full_Adder:inst10|inst1                       ; out0             ;
; |ALU-8BIT|ALU-1BIT:inst1|Full_Adder:inst10|inst6                       ; |ALU-8BIT|ALU-1BIT:inst1|Full_Adder:inst10|inst6                       ; out0             ;
; |ALU-8BIT|ALU-1BIT:inst3|inst2                                         ; |ALU-8BIT|ALU-1BIT:inst3|inst2                                         ; out0             ;
; |ALU-8BIT|ALU-1BIT:inst3|inst7                                         ; |ALU-8BIT|ALU-1BIT:inst3|inst7                                         ; out0             ;
; |ALU-8BIT|ALU-1BIT:inst3|inst8                                         ; |ALU-8BIT|ALU-1BIT:inst3|inst8                                         ; out0             ;
; |ALU-8BIT|ALU-1BIT:inst3|MUX81:inst|MUX41:inst2|6                      ; |ALU-8BIT|ALU-1BIT:inst3|MUX81:inst|MUX41:inst2|6                      ; out0             ;
; |ALU-8BIT|ALU-1BIT:inst3|MUX81:inst|MUX41:inst2|inst                   ; |ALU-8BIT|ALU-1BIT:inst3|MUX81:inst|MUX41:inst2|inst                   ; out0             ;
; |ALU-8BIT|ALU-1BIT:inst3|MUX81:inst|MUX41:inst2|inst1                  ; |ALU-8BIT|ALU-1BIT:inst3|MUX81:inst|MUX41:inst2|inst1                  ; out0             ;
; |ALU-8BIT|ALU-1BIT:inst3|MUX81:inst|MUX41:inst2|inst2                  ; |ALU-8BIT|ALU-1BIT:inst3|MUX81:inst|MUX41:inst2|inst2                  ; out0             ;
; |ALU-8BIT|ALU-1BIT:inst3|MUX81:inst|MUX41:inst2|inst3                  ; |ALU-8BIT|ALU-1BIT:inst3|MUX81:inst|MUX41:inst2|inst3                  ; out0             ;
; |ALU-8BIT|ALU-1BIT:inst3|MUX81:inst|MUX41:inst10|6                     ; |ALU-8BIT|ALU-1BIT:inst3|MUX81:inst|MUX41:inst10|6                     ; out0             ;
; |ALU-8BIT|ALU-1BIT:inst3|MUX81:inst|MUX41:inst10|inst                  ; |ALU-8BIT|ALU-1BIT:inst3|MUX81:inst|MUX41:inst10|inst                  ; out0             ;
; |ALU-8BIT|ALU-1BIT:inst3|MUX81:inst|MUX41:inst10|inst1                 ; |ALU-8BIT|ALU-1BIT:inst3|MUX81:inst|MUX41:inst10|inst1                 ; out0             ;
; |ALU-8BIT|ALU-1BIT:inst3|MUX81:inst|MUX41:inst10|inst2                 ; |ALU-8BIT|ALU-1BIT:inst3|MUX81:inst|MUX41:inst10|inst2                 ; out0             ;
; |ALU-8BIT|ALU-1BIT:inst3|MUX81:inst|MUX41:inst10|inst3                 ; |ALU-8BIT|ALU-1BIT:inst3|MUX81:inst|MUX41:inst10|inst3                 ; out0             ;
; |ALU-8BIT|ALU-1BIT:inst3|MUX81:inst|MUX21:inst|inst4                   ; |ALU-8BIT|ALU-1BIT:inst3|MUX81:inst|MUX21:inst|inst4                   ; out0             ;
; |ALU-8BIT|ALU-1BIT:inst3|MUX81:inst|MUX21:inst|inst2                   ; |ALU-8BIT|ALU-1BIT:inst3|MUX81:inst|MUX21:inst|inst2                   ; out0             ;
; |ALU-8BIT|ALU-1BIT:inst3|MUX81:inst|MUX21:inst|inst3                   ; |ALU-8BIT|ALU-1BIT:inst3|MUX81:inst|MUX21:inst|inst3                   ; out0             ;
; |ALU-8BIT|ALU-1BIT:inst3|DECREMENT-A:inst9|Full_Subtractor:inst5|inst7 ; |ALU-8BIT|ALU-1BIT:inst3|DECREMENT-A:inst9|Full_Subtractor:inst5|inst7 ; out0             ;
; |ALU-8BIT|ALU-1BIT:inst3|DECREMENT-A:inst9|Full_Subtractor:inst5|inst8 ; |ALU-8BIT|ALU-1BIT:inst3|DECREMENT-A:inst9|Full_Subtractor:inst5|inst8 ; out0             ;
; |ALU-8BIT|ALU-1BIT:inst3|DECREMENT-A:inst9|Full_Subtractor:inst5|inst9 ; |ALU-8BIT|ALU-1BIT:inst3|DECREMENT-A:inst9|Full_Subtractor:inst5|inst9 ; out0             ;
; |ALU-8BIT|ALU-1BIT:inst3|DECREMENT-A:inst9|Full_Subtractor:inst5|inst1 ; |ALU-8BIT|ALU-1BIT:inst3|DECREMENT-A:inst9|Full_Subtractor:inst5|inst1 ; out0             ;
; |ALU-8BIT|ALU-1BIT:inst3|INCREMENT-A:inst12|Full_Adder:inst5|inst7     ; |ALU-8BIT|ALU-1BIT:inst3|INCREMENT-A:inst12|Full_Adder:inst5|inst7     ; out0             ;
; |ALU-8BIT|ALU-1BIT:inst3|INCREMENT-A:inst12|Full_Adder:inst5|inst8     ; |ALU-8BIT|ALU-1BIT:inst3|INCREMENT-A:inst12|Full_Adder:inst5|inst8     ; out0             ;
; |ALU-8BIT|ALU-1BIT:inst3|INCREMENT-A:inst12|Full_Adder:inst5|inst9     ; |ALU-8BIT|ALU-1BIT:inst3|INCREMENT-A:inst12|Full_Adder:inst5|inst9     ; out0             ;
; |ALU-8BIT|ALU-1BIT:inst3|INCREMENT-A:inst12|Full_Adder:inst5|inst1     ; |ALU-8BIT|ALU-1BIT:inst3|INCREMENT-A:inst12|Full_Adder:inst5|inst1     ; out0             ;
; |ALU-8BIT|ALU-1BIT:inst3|Full_Subtractor:inst11|inst7                  ; |ALU-8BIT|ALU-1BIT:inst3|Full_Subtractor:inst11|inst7                  ; out0             ;
; |ALU-8BIT|ALU-1BIT:inst3|Full_Subtractor:inst11|inst8                  ; |ALU-8BIT|ALU-1BIT:inst3|Full_Subtractor:inst11|inst8                  ; out0             ;
; |ALU-8BIT|ALU-1BIT:inst3|Full_Subtractor:inst11|inst4                  ; |ALU-8BIT|ALU-1BIT:inst3|Full_Subtractor:inst11|inst4                  ; out0             ;
; |ALU-8BIT|ALU-1BIT:inst3|Full_Subtractor:inst11|inst9                  ; |ALU-8BIT|ALU-1BIT:inst3|Full_Subtractor:inst11|inst9                  ; out0             ;
; |ALU-8BIT|ALU-1BIT:inst3|Full_Subtractor:inst11|inst3                  ; |ALU-8BIT|ALU-1BIT:inst3|Full_Subtractor:inst11|inst3                  ; out0             ;
; |ALU-8BIT|ALU-1BIT:inst3|Full_Subtractor:inst11|inst2                  ; |ALU-8BIT|ALU-1BIT:inst3|Full_Subtractor:inst11|inst2                  ; out0             ;
; |ALU-8BIT|ALU-1BIT:inst3|Full_Subtractor:inst11|inst5                  ; |ALU-8BIT|ALU-1BIT:inst3|Full_Subtractor:inst11|inst5                  ; out0             ;
; |ALU-8BIT|ALU-1BIT:inst3|Full_Subtractor:inst11|inst1                  ; |ALU-8BIT|ALU-1BIT:inst3|Full_Subtractor:inst11|inst1                  ; out0             ;
; |ALU-8BIT|ALU-1BIT:inst3|Full_Subtractor:inst11|inst6                  ; |ALU-8BIT|ALU-1BIT:inst3|Full_Subtractor:inst11|inst6                  ; out0             ;
; |ALU-8BIT|ALU-1BIT:inst3|Full_Adder:inst10|inst7                       ; |ALU-8BIT|ALU-1BIT:inst3|Full_Adder:inst10|inst7                       ; out0             ;
; |ALU-8BIT|ALU-1BIT:inst3|Full_Adder:inst10|inst8                       ; |ALU-8BIT|ALU-1BIT:inst3|Full_Adder:inst10|inst8                       ; out0             ;
; |ALU-8BIT|ALU-1BIT:inst3|Full_Adder:inst10|inst4                       ; |ALU-8BIT|ALU-1BIT:inst3|Full_Adder:inst10|inst4                       ; out0             ;
; |ALU-8BIT|ALU-1BIT:inst3|Full_Adder:inst10|inst9                       ; |ALU-8BIT|ALU-1BIT:inst3|Full_Adder:inst10|inst9                       ; out0             ;
; |ALU-8BIT|ALU-1BIT:inst3|Full_Adder:inst10|inst3                       ; |ALU-8BIT|ALU-1BIT:inst3|Full_Adder:inst10|inst3                       ; out0             ;
; |ALU-8BIT|ALU-1BIT:inst3|Full_Adder:inst10|inst2                       ; |ALU-8BIT|ALU-1BIT:inst3|Full_Adder:inst10|inst2                       ; out0             ;
; |ALU-8BIT|ALU-1BIT:inst3|Full_Adder:inst10|inst5                       ; |ALU-8BIT|ALU-1BIT:inst3|Full_Adder:inst10|inst5                       ; out0             ;
; |ALU-8BIT|ALU-1BIT:inst3|Full_Adder:inst10|inst1                       ; |ALU-8BIT|ALU-1BIT:inst3|Full_Adder:inst10|inst1                       ; out0             ;
; |ALU-8BIT|ALU-1BIT:inst3|Full_Adder:inst10|inst6                       ; |ALU-8BIT|ALU-1BIT:inst3|Full_Adder:inst10|inst6                       ; out0             ;
; |ALU-8BIT|ALU-1BIT:inst|inst2                                          ; |ALU-8BIT|ALU-1BIT:inst|inst2                                          ; out0             ;
; |ALU-8BIT|ALU-1BIT:inst|inst7                                          ; |ALU-8BIT|ALU-1BIT:inst|inst7                                          ; out0             ;
; |ALU-8BIT|ALU-1BIT:inst|inst8                                          ; |ALU-8BIT|ALU-1BIT:inst|inst8                                          ; out0             ;
; |ALU-8BIT|ALU-1BIT:inst|MUX81:inst|MUX41:inst2|6                       ; |ALU-8BIT|ALU-1BIT:inst|MUX81:inst|MUX41:inst2|6                       ; out0             ;
; |ALU-8BIT|ALU-1BIT:inst|MUX81:inst|MUX41:inst2|inst                    ; |ALU-8BIT|ALU-1BIT:inst|MUX81:inst|MUX41:inst2|inst                    ; out0             ;
; |ALU-8BIT|ALU-1BIT:inst|MUX81:inst|MUX41:inst2|inst1                   ; |ALU-8BIT|ALU-1BIT:inst|MUX81:inst|MUX41:inst2|inst1                   ; out0             ;
; |ALU-8BIT|ALU-1BIT:inst|MUX81:inst|MUX41:inst2|inst2                   ; |ALU-8BIT|ALU-1BIT:inst|MUX81:inst|MUX41:inst2|inst2                   ; out0             ;
; |ALU-8BIT|ALU-1BIT:inst|MUX81:inst|MUX41:inst2|inst3                   ; |ALU-8BIT|ALU-1BIT:inst|MUX81:inst|MUX41:inst2|inst3                   ; out0             ;
; |ALU-8BIT|ALU-1BIT:inst|MUX81:inst|MUX41:inst10|6                      ; |ALU-8BIT|ALU-1BIT:inst|MUX81:inst|MUX41:inst10|6                      ; out0             ;
; |ALU-8BIT|ALU-1BIT:inst|MUX81:inst|MUX41:inst10|inst                   ; |ALU-8BIT|ALU-1BIT:inst|MUX81:inst|MUX41:inst10|inst                   ; out0             ;
; |ALU-8BIT|ALU-1BIT:inst|MUX81:inst|MUX41:inst10|inst1                  ; |ALU-8BIT|ALU-1BIT:inst|MUX81:inst|MUX41:inst10|inst1                  ; out0             ;
; |ALU-8BIT|ALU-1BIT:inst|MUX81:inst|MUX41:inst10|inst2                  ; |ALU-8BIT|ALU-1BIT:inst|MUX81:inst|MUX41:inst10|inst2                  ; out0             ;
; |ALU-8BIT|ALU-1BIT:inst|MUX81:inst|MUX41:inst10|inst3                  ; |ALU-8BIT|ALU-1BIT:inst|MUX81:inst|MUX41:inst10|inst3                  ; out0             ;
; |ALU-8BIT|ALU-1BIT:inst|MUX81:inst|MUX21:inst|inst4                    ; |ALU-8BIT|ALU-1BIT:inst|MUX81:inst|MUX21:inst|inst4                    ; out0             ;
; |ALU-8BIT|ALU-1BIT:inst|MUX81:inst|MUX21:inst|inst2                    ; |ALU-8BIT|ALU-1BIT:inst|MUX81:inst|MUX21:inst|inst2                    ; out0             ;
; |ALU-8BIT|ALU-1BIT:inst|MUX81:inst|MUX21:inst|inst3                    ; |ALU-8BIT|ALU-1BIT:inst|MUX81:inst|MUX21:inst|inst3                    ; out0             ;
; |ALU-8BIT|ALU-1BIT:inst|Full_Subtractor:inst11|inst7                   ; |ALU-8BIT|ALU-1BIT:inst|Full_Subtractor:inst11|inst7                   ; out0             ;
; |ALU-8BIT|ALU-1BIT:inst|Full_Subtractor:inst11|inst8                   ; |ALU-8BIT|ALU-1BIT:inst|Full_Subtractor:inst11|inst8                   ; out0             ;
; |ALU-8BIT|ALU-1BIT:inst|Full_Subtractor:inst11|inst4                   ; |ALU-8BIT|ALU-1BIT:inst|Full_Subtractor:inst11|inst4                   ; out0             ;
; |ALU-8BIT|ALU-1BIT:inst|Full_Subtractor:inst11|inst9                   ; |ALU-8BIT|ALU-1BIT:inst|Full_Subtractor:inst11|inst9                   ; out0             ;
; |ALU-8BIT|ALU-1BIT:inst|Full_Subtractor:inst11|inst3                   ; |ALU-8BIT|ALU-1BIT:inst|Full_Subtractor:inst11|inst3                   ; out0             ;
; |ALU-8BIT|ALU-1BIT:inst|Full_Subtractor:inst11|inst2                   ; |ALU-8BIT|ALU-1BIT:inst|Full_Subtractor:inst11|inst2                   ; out0             ;
; |ALU-8BIT|ALU-1BIT:inst|Full_Subtractor:inst11|inst5                   ; |ALU-8BIT|ALU-1BIT:inst|Full_Subtractor:inst11|inst5                   ; out0             ;
; |ALU-8BIT|ALU-1BIT:inst|Full_Subtractor:inst11|inst1                   ; |ALU-8BIT|ALU-1BIT:inst|Full_Subtractor:inst11|inst1                   ; out0             ;
; |ALU-8BIT|ALU-1BIT:inst|Full_Subtractor:inst11|inst6                   ; |ALU-8BIT|ALU-1BIT:inst|Full_Subtractor:inst11|inst6                   ; out0             ;
; |ALU-8BIT|ALU-1BIT:inst|Full_Adder:inst10|inst7                        ; |ALU-8BIT|ALU-1BIT:inst|Full_Adder:inst10|inst7                        ; out0             ;
; |ALU-8BIT|ALU-1BIT:inst|Full_Adder:inst10|inst8                        ; |ALU-8BIT|ALU-1BIT:inst|Full_Adder:inst10|inst8                        ; out0             ;
; |ALU-8BIT|ALU-1BIT:inst|Full_Adder:inst10|inst4                        ; |ALU-8BIT|ALU-1BIT:inst|Full_Adder:inst10|inst4                        ; out0             ;
; |ALU-8BIT|ALU-1BIT:inst|Full_Adder:inst10|inst9                        ; |ALU-8BIT|ALU-1BIT:inst|Full_Adder:inst10|inst9                        ; out0             ;
; |ALU-8BIT|ALU-1BIT:inst|Full_Adder:inst10|inst3                        ; |ALU-8BIT|ALU-1BIT:inst|Full_Adder:inst10|inst3                        ; out0             ;
; |ALU-8BIT|ALU-1BIT:inst|Full_Adder:inst10|inst2                        ; |ALU-8BIT|ALU-1BIT:inst|Full_Adder:inst10|inst2                        ; out0             ;
; |ALU-8BIT|ALU-1BIT:inst|Full_Adder:inst10|inst5                        ; |ALU-8BIT|ALU-1BIT:inst|Full_Adder:inst10|inst5                        ; out0             ;
; |ALU-8BIT|ALU-1BIT:inst|Full_Adder:inst10|inst1                        ; |ALU-8BIT|ALU-1BIT:inst|Full_Adder:inst10|inst1                        ; out0             ;
; |ALU-8BIT|ALU-1BIT:inst|Full_Adder:inst10|inst6                        ; |ALU-8BIT|ALU-1BIT:inst|Full_Adder:inst10|inst6                        ; out0             ;
+------------------------------------------------------------------------+------------------------------------------------------------------------+------------------+


The following table displays output ports that do not toggle to 1 during simulation.
+-------------------------------------------------+
; Missing 1-Value Coverage                        ;
+-----------+------------------+------------------+
; Node Name ; Output Port Name ; Output Port Type ;
+-----------+------------------+------------------+


The following table displays output ports that do not toggle to 0 during simulation.
+-------------------------------------------------+
; Missing 0-Value Coverage                        ;
+-----------+------------------+------------------+
; Node Name ; Output Port Name ; Output Port Type ;
+-----------+------------------+------------------+


+---------------------+
; Simulator INI Usage ;
+--------+------------+
; Option ; Usage      ;
+--------+------------+


+--------------------+
; Simulator Messages ;
+--------------------+
Info: *******************************************************************
Info: Running Quartus II 64-Bit Simulator
    Info: Version 13.0.1 Build 232 06/12/2013 Service Pack 1 SJ Web Edition
    Info: Processing started: Tue Oct 28 13:46:41 2025
Info: Command: quartus_sim --simulation_results_format=VWF LAB03 -c LAB03
Info (324025): Using vector source file "C:/altera/LAB03ALU/ALU-8BIT.vwf"
Info (310003): Option to preserve fewer signal transitions to reduce memory requirements is enabled
    Info (310004): Simulation has been partitioned into sub-simulations according to the maximum transition count determined by the engine. Transitions from memory will be flushed out to disk at the end of each sub-simulation to reduce memory requirements.
Info (310002): Simulation partitioned into 1 sub-simulations
Info (328053): Simulation coverage is     100.00 %
Info (328052): Number of transitions in simulation is 2179
Info (324045): Vector file LAB03.sim.vwf is saved in VWF text format. You can compress it into CVWF format in order to reduce file size. For more details please refer to the Quartus II Help.
Info: Quartus II 64-Bit Simulator was successful. 0 errors, 0 warnings
    Info: Peak virtual memory: 4446 megabytes
    Info: Processing ended: Tue Oct 28 13:46:41 2025
    Info: Elapsed time: 00:00:00
    Info: Total CPU time (on all processors): 00:00:00


