Analysis & Synthesis report for LAB06
Tue Dec 02 13:18:10 2025
Quartus II 64-Bit Version 13.0.1 Build 232 06/12/2013 Service Pack 1 SJ Web Edition


---------------------
; Table of Contents ;
---------------------
  1. Legal Notice
  2. Analysis & Synthesis Summary
  3. Analysis & Synthesis Settings
  4. Parallel Compilation
  5. Analysis & Synthesis Source Files Read
  6. Analysis & Synthesis Resource Usage Summary
  7. Analysis & Synthesis Resource Utilization by Entity
  8. Registers Removed During Synthesis
  9. General Register Statistics
 10. Multiplexer Restructuring Statistics (Restructuring Performed)
 11. Elapsed Time Per Partition
 12. Analysis & Synthesis Messages



----------------
; Legal Notice ;
----------------
Copyright (C) 1991-2013 Altera Corporation
Your use of Altera Corporation's design tools, logic functions 
and other software and tools, and its AMPP partner logic 
functions, and any output files from any of the foregoing 
(including device programming or simulation files), and any 
associated documentation or information are expressly subject 
to the terms and conditions of the Altera Program License 
Subscription Agreement, Altera MegaCore Function License 
Agreement, or other applicable license agreement, including, 
without limitation, that your use is for the sole purpose of 
programming logic devices manufactured by Altera and sold by 
Altera or its authorized distributors.  Please refer to the 
applicable agreement for further details.



+--------------------------------------------------------------------------------------+
; Analysis & Synthesis Summary                                                         ;
+------------------------------------+-------------------------------------------------+
; Analysis & Synthesis Status        ; Successful - Tue Dec 02 13:18:10 2025           ;
; Quartus II 64-Bit Version          ; 13.0.1 Build 232 06/12/2013 SP 1 SJ Web Edition ;
; Revision Name                      ; LAB06                                           ;
; Top-level Entity Name              ; FINAL                                           ;
; Family                             ; Cyclone II                                      ;
; Total logic elements               ; 43                                              ;
;     Total combinational functions  ; 39                                              ;
;     Dedicated logic registers      ; 11                                              ;
; Total registers                    ; 11                                              ;
; Total pins                         ; 15                                              ;
; Total virtual pins                 ; 0                                               ;
; Total memory bits                  ; 0                                               ;
; Embedded Multiplier 9-bit elements ; 0                                               ;
; Total PLLs                         ; 0                                               ;
+------------------------------------+-------------------------------------------------+


+----------------------------------------------------------------------------------------------------------------------+
; Analysis & Synthesis Settings                                                                                        ;
+----------------------------------------------------------------------------+--------------------+--------------------+
; Option                                                                     ; Setting            ; Default Value      ;
+----------------------------------------------------------------------------+--------------------+--------------------+
; Device                                                                     ; EP2C35F672C6       ;                    ;
; Top-level entity name                                                      ; FINAL              ; LAB06              ;
; Family name                                                                ; Cyclone II         ; Cyclone IV GX      ;
; Use smart compilation                                                      ; Off                ; Off                ;
; Enable parallel Assembler and TimeQuest Timing Analyzer during compilation ; On                 ; On                 ;
; Enable compact report table                                                ; Off                ; Off                ;
; Restructure Multiplexers                                                   ; Auto               ; Auto               ;
; Create Debugging Nodes for IP Cores                                        ; Off                ; Off                ;
; Preserve fewer node names                                                  ; On                 ; On                 ;
; Disable OpenCore Plus hardware evaluation                                  ; Off                ; Off                ;
; Verilog Version                                                            ; Verilog_2001       ; Verilog_2001       ;
; VHDL Version                                                               ; VHDL_1993          ; VHDL_1993          ;
; State Machine Processing                                                   ; Auto               ; Auto               ;
; Safe State Machine                                                         ; Off                ; Off                ;
; Extract Verilog State Machines                                             ; On                 ; On                 ;
; Extract VHDL State Machines                                                ; On                 ; On                 ;
; Ignore Verilog initial constructs                                          ; Off                ; Off                ;
; Iteration limit for constant Verilog loops                                 ; 5000               ; 5000               ;
; Iteration limit for non-constant Verilog loops                             ; 250                ; 250                ;
; Add Pass-Through Logic to Inferred RAMs                                    ; On                 ; On                 ;
; Infer RAMs from Raw Logic                                                  ; On                 ; On                 ;
; Parallel Synthesis                                                         ; On                 ; On                 ;
; DSP Block Balancing                                                        ; Auto               ; Auto               ;
; NOT Gate Push-Back                                                         ; On                 ; On                 ;
; Power-Up Don't Care                                                        ; On                 ; On                 ;
; Remove Redundant Logic Cells                                               ; Off                ; Off                ;
; Remove Duplicate Registers                                                 ; On                 ; On                 ;
; Ignore CARRY Buffers                                                       ; Off                ; Off                ;
; Ignore CASCADE Buffers                                                     ; Off                ; Off                ;
; Ignore GLOBAL Buffers                                                      ; Off                ; Off                ;
; Ignore ROW GLOBAL Buffers                                                  ; Off                ; Off                ;
; Ignore LCELL Buffers                                                       ; Off                ; Off                ;
; Ignore SOFT Buffers                                                        ; On                 ; On                 ;
; Limit AHDL Integers to 32 Bits                                             ; Off                ; Off                ;
; Optimization Technique                                                     ; Balanced           ; Balanced           ;
; Carry Chain Length                                                         ; 70                 ; 70                 ;
; Auto Carry Chains                                                          ; On                 ; On                 ;
; Auto Open-Drain Pins                                                       ; On                 ; On                 ;
; Perform WYSIWYG Primitive Resynthesis                                      ; Off                ; Off                ;
; Auto ROM Replacement                                                       ; On                 ; On                 ;
; Auto RAM Replacement                                                       ; On                 ; On                 ;
; Auto Shift Register Replacement                                            ; Auto               ; Auto               ;
; Allow Shift Register Merging across Hierarchies                            ; Auto               ; Auto               ;
; Auto Clock Enable Replacement                                              ; On                 ; On                 ;
; Strict RAM Replacement                                                     ; Off                ; Off                ;
; Allow Synchronous Control Signals                                          ; On                 ; On                 ;
; Force Use of Synchronous Clear Signals                                     ; Off                ; Off                ;
; Auto RAM to Logic Cell Conversion                                          ; Off                ; Off                ;
; Auto Resource Sharing                                                      ; Off                ; Off                ;
; Allow Any RAM Size For Recognition                                         ; Off                ; Off                ;
; Allow Any ROM Size For Recognition                                         ; Off                ; Off                ;
; Allow Any Shift Register Size For Recognition                              ; Off                ; Off                ;
; Use LogicLock Constraints during Resource Balancing                        ; On                 ; On                 ;
; Ignore translate_off and synthesis_off directives                          ; Off                ; Off                ;
; Timing-Driven Synthesis                                                    ; Off                ; Off                ;
; Report Parameter Settings                                                  ; On                 ; On                 ;
; Report Source Assignments                                                  ; On                 ; On                 ;
; Report Connectivity Checks                                                 ; On                 ; On                 ;
; Ignore Maximum Fan-Out Assignments                                         ; Off                ; Off                ;
; Synchronization Register Chain Length                                      ; 2                  ; 2                  ;
; PowerPlay Power Optimization                                               ; Normal compilation ; Normal compilation ;
; HDL message level                                                          ; Level2             ; Level2             ;
; Suppress Register Optimization Related Messages                            ; Off                ; Off                ;
; Number of Removed Registers Reported in Synthesis Report                   ; 5000               ; 5000               ;
; Number of Swept Nodes Reported in Synthesis Report                         ; 5000               ; 5000               ;
; Number of Inverted Registers Reported in Synthesis Report                  ; 100                ; 100                ;
; Clock MUX Protection                                                       ; On                 ; On                 ;
; Auto Gated Clock Conversion                                                ; Off                ; Off                ;
; Block Design Naming                                                        ; Auto               ; Auto               ;
; SDC constraint protection                                                  ; Off                ; Off                ;
; Synthesis Effort                                                           ; Auto               ; Auto               ;
; Shift Register Replacement - Allow Asynchronous Clear Signal               ; On                 ; On                 ;
; Pre-Mapping Resynthesis Optimization                                       ; Off                ; Off                ;
; Analysis & Synthesis Message Level                                         ; Medium             ; Medium             ;
; Disable Register Merging Across Hierarchies                                ; Auto               ; Auto               ;
; Resource Aware Inference For Block RAM                                     ; On                 ; On                 ;
; Synthesis Seed                                                             ; 1                  ; 1                  ;
+----------------------------------------------------------------------------+--------------------+--------------------+


Parallel compilation was disabled, but you have multiple processors available. Enable parallel compilation to reduce compilation time.
+-------------------------------------+
; Parallel Compilation                ;
+----------------------------+--------+
; Processors                 ; Number ;
+----------------------------+--------+
; Number detected on machine ; 12     ;
; Maximum allowed            ; 1      ;
+----------------------------+--------+


+-------------------------------------------------------------------------------------------------------------------------------------------+
; Analysis & Synthesis Source Files Read                                                                                                    ;
+----------------------------------+-----------------+------------------------------------------+---------------------------------+---------+
; File Name with User-Entered Path ; Used in Netlist ; File Type                                ; File Name with Absolute Path    ; Library ;
+----------------------------------+-----------------+------------------------------------------+---------------------------------+---------+
; FINAL.bdf                        ; yes             ; User Block Diagram/Schematic File        ; C:/altera/LAB06/FINAL.bdf       ;         ;
; CONTROL.bdf                      ; yes             ; User Block Diagram/Schematic File        ; C:/altera/LAB06/CONTROL.bdf     ;         ;
; DATAPATH.bdf                     ; yes             ; User Block Diagram/Schematic File        ; C:/altera/LAB06/DATAPATH.bdf    ;         ;
; SELECTOR.bdf                     ; yes             ; User Block Diagram/Schematic File        ; C:/altera/LAB06/SELECTOR.bdf    ;         ;
; RES.bdf                          ; yes             ; User Block Diagram/Schematic File        ; C:/altera/LAB06/RES.bdf         ;         ;
; ALU_4bit.bdf                     ; yes             ; User Block Diagram/Schematic File        ; C:/altera/LAB06/ALU_4bit.bdf    ;         ;
; ALU_1bit.bdf                     ; yes             ; User Block Diagram/Schematic File        ; C:/altera/LAB06/ALU_1bit.bdf    ;         ;
; MUX81.bdf                        ; yes             ; User Block Diagram/Schematic File        ; C:/altera/LAB06/MUX81.bdf       ;         ;
; mux41.bdf                        ; yes             ; User Block Diagram/Schematic File        ; C:/altera/LAB06/mux41.bdf       ;         ;
; RFC.bdf                          ; yes             ; User Block Diagram/Schematic File        ; C:/altera/LAB06/RFC.bdf         ;         ;
; DECODER2TO4.bdf                  ; yes             ; User Block Diagram/Schematic File        ; C:/altera/LAB06/DECODER2TO4.bdf ;         ;
; full_suber.bdf                   ; yes             ; Auto-Found Block Diagram/Schematic File  ; C:/altera/LAB06/full_suber.bdf  ;         ;
; full_adder.bdf                   ; yes             ; Auto-Found Block Diagram/Schematic File  ; C:/altera/LAB06/full_adder.bdf  ;         ;
; mux21.bdf                        ; yes             ; Auto-Found Block Diagram/Schematic File  ; C:/altera/LAB06/mux21.bdf       ;         ;
+----------------------------------+-----------------+------------------------------------------+---------------------------------+---------+


+------------------------------------------------------------------+
; Analysis & Synthesis Resource Usage Summary                      ;
+---------------------------------------------+--------------------+
; Resource                                    ; Usage              ;
+---------------------------------------------+--------------------+
; Estimated Total logic elements              ; 43                 ;
;                                             ;                    ;
; Total combinational functions               ; 39                 ;
; Logic element usage by number of LUT inputs ;                    ;
;     -- 4 input functions                    ; 24                 ;
;     -- 3 input functions                    ; 13                 ;
;     -- <=2 input functions                  ; 2                  ;
;                                             ;                    ;
; Logic elements by mode                      ;                    ;
;     -- normal mode                          ; 39                 ;
;     -- arithmetic mode                      ; 0                  ;
;                                             ;                    ;
; Total registers                             ; 11                 ;
;     -- Dedicated logic registers            ; 11                 ;
;     -- I/O registers                        ; 0                  ;
;                                             ;                    ;
; I/O pins                                    ; 15                 ;
; Embedded Multiplier 9-bit elements          ; 0                  ;
; Maximum fan-out node                        ; CONTROL:inst|inst5 ;
; Maximum fan-out                             ; 19                 ;
; Total fan-out                               ; 182                ;
; Average fan-out                             ; 2.80               ;
+---------------------------------------------+--------------------+


+----------------------------------------------------------------------------------------------------------------------------------------------------------------------------------------------------------------------------------------+
; Analysis & Synthesis Resource Utilization by Entity                                                                                                                                                                                    ;
+----------------------------------+-------------------+--------------+-------------+--------------+---------+-----------+------+--------------+--------------------------------------------------------------------------+--------------+
; Compilation Hierarchy Node       ; LC Combinationals ; LC Registers ; Memory Bits ; DSP Elements ; DSP 9x9 ; DSP 18x18 ; Pins ; Virtual Pins ; Full Hierarchy Name                                                      ; Library Name ;
+----------------------------------+-------------------+--------------+-------------+--------------+---------+-----------+------+--------------+--------------------------------------------------------------------------+--------------+
; |FINAL                           ; 39 (1)            ; 11 (0)       ; 0           ; 0            ; 0       ; 0         ; 15   ; 0            ; |FINAL                                                                   ; work         ;
;    |CONTROL:inst|                ; 8 (8)             ; 3 (3)        ; 0           ; 0            ; 0       ; 0         ; 0    ; 0            ; |FINAL|CONTROL:inst                                                      ; work         ;
;    |DATAPATH:inst1|              ; 30 (0)            ; 8 (0)        ; 0           ; 0            ; 0       ; 0         ; 0    ; 0            ; |FINAL|DATAPATH:inst1                                                    ; work         ;
;       |ALU_4bit:inst|            ; 16 (0)            ; 0 (0)        ; 0           ; 0            ; 0       ; 0         ; 0    ; 0            ; |FINAL|DATAPATH:inst1|ALU_4bit:inst                                      ; work         ;
;          |ALU_1bit:inst4|        ; 4 (0)             ; 0 (0)        ; 0           ; 0            ; 0       ; 0         ; 0    ; 0            ; |FINAL|DATAPATH:inst1|ALU_4bit:inst|ALU_1bit:inst4                       ; work         ;
;             |Full_Adder:inst5|   ; 1 (1)             ; 0 (0)        ; 0           ; 0            ; 0       ; 0         ; 0    ; 0            ; |FINAL|DATAPATH:inst1|ALU_4bit:inst|ALU_1bit:inst4|Full_Adder:inst5      ; work         ;
;             |MUX81:inst|         ; 3 (0)             ; 0 (0)        ; 0           ; 0            ; 0       ; 0         ; 0    ; 0            ; |FINAL|DATAPATH:inst1|ALU_4bit:inst|ALU_1bit:inst4|MUX81:inst            ; work         ;
;                |MUX21:inst|      ; 3 (3)             ; 0 (0)        ; 0           ; 0            ; 0       ; 0         ; 0    ; 0            ; |FINAL|DATAPATH:inst1|ALU_4bit:inst|ALU_1bit:inst4|MUX81:inst|MUX21:inst ; work         ;
;          |ALU_1bit:inst5|        ; 4 (0)             ; 0 (0)        ; 0           ; 0            ; 0       ; 0         ; 0    ; 0            ; |FINAL|DATAPATH:inst1|ALU_4bit:inst|ALU_1bit:inst5                       ; work         ;
;             |Full_Suber:ins789t| ; 1 (1)             ; 0 (0)        ; 0           ; 0            ; 0       ; 0         ; 0    ; 0            ; |FINAL|DATAPATH:inst1|ALU_4bit:inst|ALU_1bit:inst5|Full_Suber:ins789t    ; work         ;
;             |MUX81:inst|         ; 3 (0)             ; 0 (0)        ; 0           ; 0            ; 0       ; 0         ; 0    ; 0            ; |FINAL|DATAPATH:inst1|ALU_4bit:inst|ALU_1bit:inst5|MUX81:inst            ; work         ;
;                |MUX21:inst|      ; 3 (3)             ; 0 (0)        ; 0           ; 0            ; 0       ; 0         ; 0    ; 0            ; |FINAL|DATAPATH:inst1|ALU_4bit:inst|ALU_1bit:inst5|MUX81:inst|MUX21:inst ; work         ;
;          |ALU_1bit:inst6|        ; 7 (2)             ; 0 (0)        ; 0           ; 0            ; 0       ; 0         ; 0    ; 0            ; |FINAL|DATAPATH:inst1|ALU_4bit:inst|ALU_1bit:inst6                       ; work         ;
;             |Full_Adder:inst5|   ; 3 (3)             ; 0 (0)        ; 0           ; 0            ; 0       ; 0         ; 0    ; 0            ; |FINAL|DATAPATH:inst1|ALU_4bit:inst|ALU_1bit:inst6|Full_Adder:inst5      ; work         ;
;             |MUX81:inst|         ; 2 (0)             ; 0 (0)        ; 0           ; 0            ; 0       ; 0         ; 0    ; 0            ; |FINAL|DATAPATH:inst1|ALU_4bit:inst|ALU_1bit:inst6|MUX81:inst            ; work         ;
;                |MUX21:inst|      ; 2 (2)             ; 0 (0)        ; 0           ; 0            ; 0       ; 0         ; 0    ; 0            ; |FINAL|DATAPATH:inst1|ALU_4bit:inst|ALU_1bit:inst6|MUX81:inst|MUX21:inst ; work         ;
;          |ALU_1bit:inst|         ; 1 (0)             ; 0 (0)        ; 0           ; 0            ; 0       ; 0         ; 0    ; 0            ; |FINAL|DATAPATH:inst1|ALU_4bit:inst|ALU_1bit:inst                        ; work         ;
;             |MUX81:inst|         ; 1 (0)             ; 0 (0)        ; 0           ; 0            ; 0       ; 0         ; 0    ; 0            ; |FINAL|DATAPATH:inst1|ALU_4bit:inst|ALU_1bit:inst|MUX81:inst             ; work         ;
;                |MUX21:inst|      ; 1 (1)             ; 0 (0)        ; 0           ; 0            ; 0       ; 0         ; 0    ; 0            ; |FINAL|DATAPATH:inst1|ALU_4bit:inst|ALU_1bit:inst|MUX81:inst|MUX21:inst  ; work         ;
;       |RES:inst2|                ; 10 (9)            ; 8 (0)        ; 0           ; 0            ; 0       ; 0         ; 0    ; 0            ; |FINAL|DATAPATH:inst1|RES:inst2                                          ; work         ;
;          |DECODER2TO4:inst|      ; 1 (1)             ; 0 (0)        ; 0           ; 0            ; 0       ; 0         ; 0    ; 0            ; |FINAL|DATAPATH:inst1|RES:inst2|DECODER2TO4:inst                         ; work         ;
;          |RFC:inst10|            ; 0 (0)             ; 1 (1)        ; 0           ; 0            ; 0       ; 0         ; 0    ; 0            ; |FINAL|DATAPATH:inst1|RES:inst2|RFC:inst10                               ; work         ;
;          |RFC:inst11|            ; 0 (0)             ; 1 (1)        ; 0           ; 0            ; 0       ; 0         ; 0    ; 0            ; |FINAL|DATAPATH:inst1|RES:inst2|RFC:inst11                               ; work         ;
;          |RFC:inst12|            ; 0 (0)             ; 1 (1)        ; 0           ; 0            ; 0       ; 0         ; 0    ; 0            ; |FINAL|DATAPATH:inst1|RES:inst2|RFC:inst12                               ; work         ;
;          |RFC:inst13|            ; 0 (0)             ; 1 (1)        ; 0           ; 0            ; 0       ; 0         ; 0    ; 0            ; |FINAL|DATAPATH:inst1|RES:inst2|RFC:inst13                               ; work         ;
;          |RFC:inst14|            ; 0 (0)             ; 1 (1)        ; 0           ; 0            ; 0       ; 0         ; 0    ; 0            ; |FINAL|DATAPATH:inst1|RES:inst2|RFC:inst14                               ; work         ;
;          |RFC:inst7|             ; 0 (0)             ; 1 (1)        ; 0           ; 0            ; 0       ; 0         ; 0    ; 0            ; |FINAL|DATAPATH:inst1|RES:inst2|RFC:inst7                                ; work         ;
;          |RFC:inst8|             ; 0 (0)             ; 1 (1)        ; 0           ; 0            ; 0       ; 0         ; 0    ; 0            ; |FINAL|DATAPATH:inst1|RES:inst2|RFC:inst8                                ; work         ;
;          |RFC:inst9|             ; 0 (0)             ; 1 (1)        ; 0           ; 0            ; 0       ; 0         ; 0    ; 0            ; |FINAL|DATAPATH:inst1|RES:inst2|RFC:inst9                                ; work         ;
;       |SELECTOR:inst3|           ; 4 (4)             ; 0 (0)        ; 0           ; 0            ; 0       ; 0         ; 0    ; 0            ; |FINAL|DATAPATH:inst1|SELECTOR:inst3                                     ; work         ;
+----------------------------------+-------------------+--------------+-------------+--------------+---------+-----------+------+--------------+--------------------------------------------------------------------------+--------------+
Note: For table entries with two numbers listed, the numbers in parentheses indicate the number of resources of the given type used by the specific entity alone. The numbers listed outside of parentheses indicate the total resources of the given type used by the specific entity and all of its sub-entities in the hierarchy.


+----------------------------------------------------------------------------------------+
; Registers Removed During Synthesis                                                     ;
+------------------------------------------+---------------------------------------------+
; Register name                            ; Reason for Removal                          ;
+------------------------------------------+---------------------------------------------+
; DATAPATH:inst1|RES:inst2|RFC:inst3|inst5 ; Stuck at GND due to stuck port clock        ;
; DATAPATH:inst1|RES:inst2|RFC:inst6|inst5 ; Stuck at GND due to stuck port clock_enable ;
; DATAPATH:inst1|RES:inst2|RFC:inst5|inst5 ; Stuck at GND due to stuck port clock_enable ;
; DATAPATH:inst1|RES:inst2|RFC:inst4|inst5 ; Stuck at GND due to stuck port clock_enable ;
; Total Number of Removed Registers = 4    ;                                             ;
+------------------------------------------+---------------------------------------------+


+------------------------------------------------------+
; General Register Statistics                          ;
+----------------------------------------------+-------+
; Statistic                                    ; Value ;
+----------------------------------------------+-------+
; Total registers                              ; 11    ;
; Number of registers using Synchronous Clear  ; 0     ;
; Number of registers using Synchronous Load   ; 0     ;
; Number of registers using Asynchronous Clear ; 0     ;
; Number of registers using Asynchronous Load  ; 0     ;
; Number of registers using Clock Enable       ; 8     ;
; Number of registers using Preset             ; 0     ;
+----------------------------------------------+-------+


+----------------------------------------------------------------------------------------------------------------------------------------------------------------------------------------------+
; Multiplexer Restructuring Statistics (Restructuring Performed)                                                                                                                               ;
+--------------------+-----------+---------------+----------------------+------------------------+------------+--------------------------------------------------------------------------------+
; Multiplexer Inputs ; Bus Width ; Baseline Area ; Area if Restructured ; Saving if Restructured ; Registered ; Example Multiplexer Output                                                     ;
+--------------------+-----------+---------------+----------------------+------------------------+------------+--------------------------------------------------------------------------------+
; 4:1                ; 3 bits    ; 6 LEs         ; 6 LEs                ; 0 LEs                  ; No         ; |FINAL|DATAPATH:inst1|ALU_4bit:inst|ALU_1bit:inst4|MUX81:inst|MUX21:inst|inst2 ;
; 3:1                ; 3 bits    ; 6 LEs         ; 6 LEs                ; 0 LEs                  ; No         ; |FINAL|DATAPATH:inst1|RES:inst2|A0                                             ;
+--------------------+-----------+---------------+----------------------+------------------------+------------+--------------------------------------------------------------------------------+


+-------------------------------+
; Elapsed Time Per Partition    ;
+----------------+--------------+
; Partition Name ; Elapsed Time ;
+----------------+--------------+
; Top            ; 00:00:00     ;
+----------------+--------------+


+-------------------------------+
; Analysis & Synthesis Messages ;
+-------------------------------+
Info: *******************************************************************
Info: Running Quartus II 64-Bit Analysis & Synthesis
    Info: Version 13.0.1 Build 232 06/12/2013 Service Pack 1 SJ Web Edition
    Info: Processing started: Tue Dec 02 13:18:09 2025
Info: Command: quartus_map --read_settings_files=on --write_settings_files=off LAB06 -c LAB06
Warning (20028): Parallel compilation is not licensed and has been disabled
Info (12021): Found 1 design units, including 1 entities, in source file final.bdf
    Info (12023): Found entity 1: FINAL
Info (12021): Found 1 design units, including 1 entities, in source file control.bdf
    Info (12023): Found entity 1: CONTROL
Info (12021): Found 1 design units, including 1 entities, in source file datapath.bdf
    Info (12023): Found entity 1: DATAPATH
Info (12021): Found 1 design units, including 1 entities, in source file selector.bdf
    Info (12023): Found entity 1: SELECTOR
Info (12021): Found 1 design units, including 1 entities, in source file res.bdf
    Info (12023): Found entity 1: RES
Info (12021): Found 1 design units, including 1 entities, in source file alu_4bit.bdf
    Info (12023): Found entity 1: ALU_4bit
Info (12021): Found 1 design units, including 1 entities, in source file alu_1bit.bdf
    Info (12023): Found entity 1: ALU_1bit
Info (12021): Found 1 design units, including 1 entities, in source file mux81.bdf
    Info (12023): Found entity 1: MUX81
Warning (12090): Entity "mux41" obtained from "mux41.bdf" instead of from Quartus II megafunction library
Info (12021): Found 1 design units, including 1 entities, in source file mux41.bdf
    Info (12023): Found entity 1: mux41
Info (12021): Found 1 design units, including 1 entities, in source file rfc.bdf
    Info (12023): Found entity 1: RFC
Info (12021): Found 1 design units, including 1 entities, in source file decoder2to4.bdf
    Info (12023): Found entity 1: DECODER2TO4
Info (12127): Elaborating entity "FINAL" for the top level hierarchy
Info (12128): Elaborating entity "DATAPATH" for hierarchy "DATAPATH:inst1"
Info (12128): Elaborating entity "ALU_4bit" for hierarchy "DATAPATH:inst1|ALU_4bit:inst"
Info (12128): Elaborating entity "ALU_1bit" for hierarchy "DATAPATH:inst1|ALU_4bit:inst|ALU_1bit:inst6"
Warning (12125): Using design file full_suber.bdf, which is not specified as a design file for the current project, but contains definitions for 1 design units and 1 entities in project
    Info (12023): Found entity 1: Full_Suber
Info (12128): Elaborating entity "Full_Suber" for hierarchy "DATAPATH:inst1|ALU_4bit:inst|ALU_1bit:inst6|Full_Suber:ins789t"
Warning (12125): Using design file full_adder.bdf, which is not specified as a design file for the current project, but contains definitions for 1 design units and 1 entities in project
    Info (12023): Found entity 1: Full_Adder
Info (12128): Elaborating entity "Full_Adder" for hierarchy "DATAPATH:inst1|ALU_4bit:inst|ALU_1bit:inst6|Full_Adder:inst5"
Info (12128): Elaborating entity "MUX81" for hierarchy "DATAPATH:inst1|ALU_4bit:inst|ALU_1bit:inst6|MUX81:inst"
Warning (12125): Using design file mux21.bdf, which is not specified as a design file for the current project, but contains definitions for 1 design units and 1 entities in project
    Info (12023): Found entity 1: MUX21
Info (12128): Elaborating entity "MUX21" for hierarchy "DATAPATH:inst1|ALU_4bit:inst|ALU_1bit:inst6|MUX81:inst|MUX21:inst"
Info (12128): Elaborating entity "mux41" for hierarchy "DATAPATH:inst1|ALU_4bit:inst|ALU_1bit:inst6|MUX81:inst|mux41:inst5"
Info (12128): Elaborating entity "RES" for hierarchy "DATAPATH:inst1|RES:inst2"
Warning (275013): Port "clk" of type RFC and instance "inst3" is missing source signal
Info (12128): Elaborating entity "RFC" for hierarchy "DATAPATH:inst1|RES:inst2|RFC:inst6"
Info (12128): Elaborating entity "DECODER2TO4" for hierarchy "DATAPATH:inst1|RES:inst2|DECODER2TO4:inst"
Info (12128): Elaborating entity "SELECTOR" for hierarchy "DATAPATH:inst1|SELECTOR:inst3"
Info (12128): Elaborating entity "CONTROL" for hierarchy "CONTROL:inst"
Warning (13046): Tri-state node(s) do not directly drive top-level pin(s)
    Warning (13048): Converted tri-state node "DATAPATH:inst1|RES:inst2|A0" into a selector
    Warning (13048): Converted tri-state node "DATAPATH:inst1|RES:inst2|B0" into a selector
    Warning (13048): Converted tri-state node "DATAPATH:inst1|RES:inst2|A1" into a selector
    Warning (13048): Converted tri-state node "DATAPATH:inst1|RES:inst2|B1" into a selector
    Warning (13048): Converted tri-state node "DATAPATH:inst1|RES:inst2|A2" into a selector
    Warning (13048): Converted tri-state node "DATAPATH:inst1|RES:inst2|B2" into a selector
    Warning (13048): Converted tri-state node "DATAPATH:inst1|RES:inst2|A3" into a selector
    Warning (13048): Converted tri-state node "DATAPATH:inst1|RES:inst2|B3" into a selector
Info (16010): Generating hard_block partition "hard_block:auto_generated_inst"
    Info (16011): Adding 0 node(s), including 0 DDIO, 0 PLL, 0 transceiver and 0 LCELL
Info (21057): Implemented 62 device resources after synthesis - the final resource count might be different
    Info (21058): Implemented 6 input pins
    Info (21059): Implemented 9 output pins
    Info (21061): Implemented 47 logic cells
Info: Quartus II 64-Bit Analysis & Synthesis was successful. 0 errors, 15 warnings
    Info: Peak virtual memory: 4607 megabytes
    Info: Processing ended: Tue Dec 02 13:18:10 2025
    Info: Elapsed time: 00:00:01
    Info: Total CPU time (on all processors): 00:00:01


