Simulator report for LAB06
Tue Dec 02 13:26:31 2025
Quartus II 64-Bit Version 13.0.1 Build 232 06/12/2013 Service Pack 1 SJ Web Edition


---------------------
; Table of Contents ;
---------------------
  1. Legal Notice
  2. Simulator Summary
  3. Simulator Settings
  4. Simulation Waveforms
  5. Coverage Summary
  6. Complete 1/0-Value Coverage
  7. Missing 1-Value Coverage
  8. Missing 0-Value Coverage
  9. Simulator INI Usage
 10. Simulator Messages



----------------
; Legal Notice ;
----------------
Copyright (C) 1991-2013 Altera Corporation
Your use of Altera Corporation's design tools, logic functions 
and other software and tools, and its AMPP partner logic 
functions, and any output files from any of the foregoing 
(including device programming or simulation files), and any 
associated documentation or information are expressly subject 
to the terms and conditions of the Altera Program License 
Subscription Agreement, Altera MegaCore Function License 
Agreement, or other applicable license agreement, including, 
without limitation, that your use is for the sole purpose of 
programming logic devices manufactured by Altera and sold by 
Altera or its authorized distributors.  Please refer to the 
applicable agreement for further details.



+--------------------------------------------+
; Simulator Summary                          ;
+-----------------------------+--------------+
; Type                        ; Value        ;
+-----------------------------+--------------+
; Simulation Start Time       ; 0 ps         ;
; Simulation End Time         ; 1.0 us       ;
; Simulation Netlist Size     ; 214 nodes    ;
; Simulation Coverage         ;      85.51 % ;
; Total Number of Transitions ; 3969         ;
; Simulation Breakpoints      ; 0            ;
; Family                      ; Cyclone II   ;
+-----------------------------+--------------+


+----------------------------------------------------------------------------------------------------------------------------------------+
; Simulator Settings                                                                                                                     ;
+--------------------------------------------------------------------------------------------+---------------------------+---------------+
; Option                                                                                     ; Setting                   ; Default Value ;
+--------------------------------------------------------------------------------------------+---------------------------+---------------+
; Simulation mode                                                                            ; Functional                ; Timing        ;
; Start time                                                                                 ; 0 ns                      ; 0 ns          ;
; Simulation results format                                                                  ; VWF                       ;               ;
; Vector input source                                                                        ; C:/altera/LAB06/FINAL.vwf ;               ;
; Add pins automatically to simulation output waveforms                                      ; On                        ; On            ;
; Check outputs                                                                              ; Off                       ; Off           ;
; Report simulation coverage                                                                 ; On                        ; On            ;
; Display complete 1/0 value coverage report                                                 ; On                        ; On            ;
; Display missing 1-value coverage report                                                    ; On                        ; On            ;
; Display missing 0-value coverage report                                                    ; On                        ; On            ;
; Detect setup and hold time violations                                                      ; Off                       ; Off           ;
; Detect glitches                                                                            ; Off                       ; Off           ;
; Disable timing delays in Timing Simulation                                                 ; Off                       ; Off           ;
; Generate Signal Activity File                                                              ; Off                       ; Off           ;
; Generate VCD File for PowerPlay Power Analyzer                                             ; Off                       ; Off           ;
; Group bus channels in simulation results                                                   ; Off                       ; Off           ;
; Preserve fewer signal transitions to reduce memory requirements                            ; On                        ; On            ;
; Trigger vector comparison with the specified mode                                          ; INPUT_EDGE                ; INPUT_EDGE    ;
; Disable setup and hold time violations detection in input registers of bi-directional pins ; Off                       ; Off           ;
; Overwrite Waveform Inputs With Simulation Outputs                                          ; Off                       ;               ;
; Perform Glitch Filtering in Timing Simulation                                              ; Auto                      ; Auto          ;
+--------------------------------------------------------------------------------------------+---------------------------+---------------+


+----------------------+
; Simulation Waveforms ;
+----------------------+
Waveform report data cannot be output to ASCII.
Please use Quartus II 64-Bit to view the waveform report data.


+--------------------------------------------------------------------+
; Coverage Summary                                                   ;
+-----------------------------------------------------+--------------+
; Type                                                ; Value        ;
+-----------------------------------------------------+--------------+
; Total coverage as a percentage                      ;      85.51 % ;
; Total nodes checked                                 ; 214          ;
; Total output ports checked                          ; 214          ;
; Total output ports with complete 1/0-value coverage ; 183          ;
; Total output ports with no 1/0-value coverage       ; 14           ;
; Total output ports with no 1-value coverage         ; 30           ;
; Total output ports with no 0-value coverage         ; 15           ;
+-----------------------------------------------------+--------------+


The following table displays output ports that toggle between 1 and 0 during simulation.
+------------------------------------------------------------------------------------------------------------------------------------------------------------------------------------------------------------+
; Complete 1/0-Value Coverage                                                                                                                                                                                ;
+--------------------------------------------------------------------------------------------+--------------------------------------------------------------------------------------------+------------------+
; Node Name                                                                                  ; Output Port Name                                                                           ; Output Port Type ;
+--------------------------------------------------------------------------------------------+--------------------------------------------------------------------------------------------+------------------+
; |FINAL|Z0                                                                                  ; |FINAL|Z0                                                                                  ; pin_out          ;
; |FINAL|CLK                                                                                 ; |FINAL|CLK                                                                                 ; out              ;
; |FINAL|START                                                                               ; |FINAL|START                                                                               ; out              ;
; |FINAL|inst3                                                                               ; |FINAL|inst3                                                                               ; out0             ;
; |FINAL|I[0]                                                                                ; |FINAL|I[0]                                                                                ; out              ;
; |FINAL|I[1]                                                                                ; |FINAL|I[1]                                                                                ; out              ;
; |FINAL|I[2]                                                                                ; |FINAL|I[2]                                                                                ; out              ;
; |FINAL|Z1                                                                                  ; |FINAL|Z1                                                                                  ; pin_out          ;
; |FINAL|Z2                                                                                  ; |FINAL|Z2                                                                                  ; pin_out          ;
; |FINAL|Z3                                                                                  ; |FINAL|Z3                                                                                  ; pin_out          ;
; |FINAL|DONE                                                                                ; |FINAL|DONE                                                                                ; pin_out          ;
; |FINAL|R[0]                                                                                ; |FINAL|R[0]                                                                                ; pin_out          ;
; |FINAL|R[1]                                                                                ; |FINAL|R[1]                                                                                ; pin_out          ;
; |FINAL|R[2]                                                                                ; |FINAL|R[2]                                                                                ; pin_out          ;
; |FINAL|R[3]                                                                                ; |FINAL|R[3]                                                                                ; pin_out          ;
; |FINAL|CONTROL:inst|inst21                                                                 ; |FINAL|CONTROL:inst|inst21                                                                 ; out0             ;
; |FINAL|CONTROL:inst|inst4                                                                  ; |FINAL|CONTROL:inst|inst4                                                                  ; regout           ;
; |FINAL|CONTROL:inst|inst20                                                                 ; |FINAL|CONTROL:inst|inst20                                                                 ; out0             ;
; |FINAL|CONTROL:inst|inst19                                                                 ; |FINAL|CONTROL:inst|inst19                                                                 ; out0             ;
; |FINAL|CONTROL:inst|inst5                                                                  ; |FINAL|CONTROL:inst|inst5                                                                  ; regout           ;
; |FINAL|CONTROL:inst|inst17                                                                 ; |FINAL|CONTROL:inst|inst17                                                                 ; out0             ;
; |FINAL|CONTROL:inst|inst15                                                                 ; |FINAL|CONTROL:inst|inst15                                                                 ; out0             ;
; |FINAL|CONTROL:inst|inst6                                                                  ; |FINAL|CONTROL:inst|inst6                                                                  ; regout           ;
; |FINAL|CONTROL:inst|inst13                                                                 ; |FINAL|CONTROL:inst|inst13                                                                 ; out0             ;
; |FINAL|CONTROL:inst|inst11                                                                 ; |FINAL|CONTROL:inst|inst11                                                                 ; out0             ;
; |FINAL|CONTROL:inst|inst12                                                                 ; |FINAL|CONTROL:inst|inst12                                                                 ; out0             ;
; |FINAL|CONTROL:inst|inst10                                                                 ; |FINAL|CONTROL:inst|inst10                                                                 ; out0             ;
; |FINAL|CONTROL:inst|inst16                                                                 ; |FINAL|CONTROL:inst|inst16                                                                 ; out0             ;
; |FINAL|CONTROL:inst|inst14                                                                 ; |FINAL|CONTROL:inst|inst14                                                                 ; out0             ;
; |FINAL|CONTROL:inst|inst18                                                                 ; |FINAL|CONTROL:inst|inst18                                                                 ; out0             ;
; |FINAL|CONTROL:inst|inst24                                                                 ; |FINAL|CONTROL:inst|inst24                                                                 ; out0             ;
; |FINAL|CONTROL:inst|inst23                                                                 ; |FINAL|CONTROL:inst|inst23                                                                 ; out0             ;
; |FINAL|CONTROL:inst|inst22                                                                 ; |FINAL|CONTROL:inst|inst22                                                                 ; out0             ;
; |FINAL|CONTROL:inst|inst25                                                                 ; |FINAL|CONTROL:inst|inst25                                                                 ; out0             ;
; |FINAL|CONTROL:inst|inst34                                                                 ; |FINAL|CONTROL:inst|inst34                                                                 ; out0             ;
; |FINAL|CONTROL:inst|inst33                                                                 ; |FINAL|CONTROL:inst|inst33                                                                 ; out0             ;
; |FINAL|CONTROL:inst|inst32                                                                 ; |FINAL|CONTROL:inst|inst32                                                                 ; out0             ;
; |FINAL|CONTROL:inst|inst29                                                                 ; |FINAL|CONTROL:inst|inst29                                                                 ; out0             ;
; |FINAL|CONTROL:inst|inst27                                                                 ; |FINAL|CONTROL:inst|inst27                                                                 ; out0             ;
; |FINAL|CONTROL:inst|inst30                                                                 ; |FINAL|CONTROL:inst|inst30                                                                 ; out0             ;
; |FINAL|CONTROL:inst|inst26                                                                 ; |FINAL|CONTROL:inst|inst26                                                                 ; out0             ;
; |FINAL|CONTROL:inst|inst31                                                                 ; |FINAL|CONTROL:inst|inst31                                                                 ; out0             ;
; |FINAL|CONTROL:inst|inst35                                                                 ; |FINAL|CONTROL:inst|inst35                                                                 ; out0             ;
; |FINAL|CONTROL:inst|inst36                                                                 ; |FINAL|CONTROL:inst|inst36                                                                 ; out0             ;
; |FINAL|CONTROL:inst|inst44                                                                 ; |FINAL|CONTROL:inst|inst44                                                                 ; out0             ;
; |FINAL|CONTROL:inst|inst37                                                                 ; |FINAL|CONTROL:inst|inst37                                                                 ; out0             ;
; |FINAL|CONTROL:inst|inst40                                                                 ; |FINAL|CONTROL:inst|inst40                                                                 ; out0             ;
; |FINAL|CONTROL:inst|inst39                                                                 ; |FINAL|CONTROL:inst|inst39                                                                 ; out0             ;
; |FINAL|CONTROL:inst|inst38                                                                 ; |FINAL|CONTROL:inst|inst38                                                                 ; out0             ;
; |FINAL|CONTROL:inst|inst41                                                                 ; |FINAL|CONTROL:inst|inst41                                                                 ; out0             ;
; |FINAL|CONTROL:inst|inst43                                                                 ; |FINAL|CONTROL:inst|inst43                                                                 ; out0             ;
; |FINAL|CONTROL:inst|inst42                                                                 ; |FINAL|CONTROL:inst|inst42                                                                 ; out0             ;
; |FINAL|DATAPATH:inst1|inst4                                                                ; |FINAL|DATAPATH:inst1|inst4                                                                ; out              ;
; |FINAL|DATAPATH:inst1|inst5                                                                ; |FINAL|DATAPATH:inst1|inst5                                                                ; out              ;
; |FINAL|DATAPATH:inst1|inst6                                                                ; |FINAL|DATAPATH:inst1|inst6                                                                ; out              ;
; |FINAL|DATAPATH:inst1|inst7                                                                ; |FINAL|DATAPATH:inst1|inst7                                                                ; out              ;
; |FINAL|DATAPATH:inst1|SELECTOR:inst3|inst11                                                ; |FINAL|DATAPATH:inst1|SELECTOR:inst3|inst11                                                ; out0             ;
; |FINAL|DATAPATH:inst1|SELECTOR:inst3|inst3                                                 ; |FINAL|DATAPATH:inst1|SELECTOR:inst3|inst3                                                 ; out0             ;
; |FINAL|DATAPATH:inst1|SELECTOR:inst3|inst7                                                 ; |FINAL|DATAPATH:inst1|SELECTOR:inst3|inst7                                                 ; out0             ;
; |FINAL|DATAPATH:inst1|SELECTOR:inst3|inst10                                                ; |FINAL|DATAPATH:inst1|SELECTOR:inst3|inst10                                                ; out0             ;
; |FINAL|DATAPATH:inst1|SELECTOR:inst3|inst2                                                 ; |FINAL|DATAPATH:inst1|SELECTOR:inst3|inst2                                                 ; out0             ;
; |FINAL|DATAPATH:inst1|SELECTOR:inst3|inst6                                                 ; |FINAL|DATAPATH:inst1|SELECTOR:inst3|inst6                                                 ; out0             ;
; |FINAL|DATAPATH:inst1|SELECTOR:inst3|inst9                                                 ; |FINAL|DATAPATH:inst1|SELECTOR:inst3|inst9                                                 ; out0             ;
; |FINAL|DATAPATH:inst1|SELECTOR:inst3|inst1                                                 ; |FINAL|DATAPATH:inst1|SELECTOR:inst3|inst1                                                 ; out0             ;
; |FINAL|DATAPATH:inst1|SELECTOR:inst3|inst5                                                 ; |FINAL|DATAPATH:inst1|SELECTOR:inst3|inst5                                                 ; out0             ;
; |FINAL|DATAPATH:inst1|SELECTOR:inst3|inst8                                                 ; |FINAL|DATAPATH:inst1|SELECTOR:inst3|inst8                                                 ; out0             ;
; |FINAL|DATAPATH:inst1|SELECTOR:inst3|inst4                                                 ; |FINAL|DATAPATH:inst1|SELECTOR:inst3|inst4                                                 ; out0             ;
; |FINAL|DATAPATH:inst1|RES:inst2|A0                                                         ; |FINAL|DATAPATH:inst1|RES:inst2|A0                                                         ; out0             ;
; |FINAL|DATAPATH:inst1|RES:inst2|B0                                                         ; |FINAL|DATAPATH:inst1|RES:inst2|B0                                                         ; out0             ;
; |FINAL|DATAPATH:inst1|RES:inst2|A1                                                         ; |FINAL|DATAPATH:inst1|RES:inst2|A1                                                         ; out0             ;
; |FINAL|DATAPATH:inst1|RES:inst2|B1                                                         ; |FINAL|DATAPATH:inst1|RES:inst2|B1                                                         ; out0             ;
; |FINAL|DATAPATH:inst1|RES:inst2|A2                                                         ; |FINAL|DATAPATH:inst1|RES:inst2|A2                                                         ; out0             ;
; |FINAL|DATAPATH:inst1|RES:inst2|B2                                                         ; |FINAL|DATAPATH:inst1|RES:inst2|B2                                                         ; out0             ;
; |FINAL|DATAPATH:inst1|RES:inst2|A3                                                         ; |FINAL|DATAPATH:inst1|RES:inst2|A3                                                         ; out0             ;
; |FINAL|DATAPATH:inst1|RES:inst2|RFC:inst11|inst3                                           ; |FINAL|DATAPATH:inst1|RES:inst2|RFC:inst11|inst3                                           ; out0             ;
; |FINAL|DATAPATH:inst1|RES:inst2|RFC:inst11|inst2                                           ; |FINAL|DATAPATH:inst1|RES:inst2|RFC:inst11|inst2                                           ; out0             ;
; |FINAL|DATAPATH:inst1|RES:inst2|RFC:inst7|inst6                                            ; |FINAL|DATAPATH:inst1|RES:inst2|RFC:inst7|inst6                                            ; out              ;
; |FINAL|DATAPATH:inst1|RES:inst2|RFC:inst7|inst3                                            ; |FINAL|DATAPATH:inst1|RES:inst2|RFC:inst7|inst3                                            ; out0             ;
; |FINAL|DATAPATH:inst1|RES:inst2|RFC:inst7|inst2                                            ; |FINAL|DATAPATH:inst1|RES:inst2|RFC:inst7|inst2                                            ; out0             ;
; |FINAL|DATAPATH:inst1|RES:inst2|RFC:inst7|inst                                             ; |FINAL|DATAPATH:inst1|RES:inst2|RFC:inst7|inst                                             ; out0             ;
; |FINAL|DATAPATH:inst1|RES:inst2|RFC:inst12|inst6                                           ; |FINAL|DATAPATH:inst1|RES:inst2|RFC:inst12|inst6                                           ; out              ;
; |FINAL|DATAPATH:inst1|RES:inst2|RFC:inst12|inst5                                           ; |FINAL|DATAPATH:inst1|RES:inst2|RFC:inst12|inst5                                           ; regout           ;
; |FINAL|DATAPATH:inst1|RES:inst2|RFC:inst12|inst3                                           ; |FINAL|DATAPATH:inst1|RES:inst2|RFC:inst12|inst3                                           ; out0             ;
; |FINAL|DATAPATH:inst1|RES:inst2|RFC:inst12|inst2                                           ; |FINAL|DATAPATH:inst1|RES:inst2|RFC:inst12|inst2                                           ; out0             ;
; |FINAL|DATAPATH:inst1|RES:inst2|RFC:inst12|inst                                            ; |FINAL|DATAPATH:inst1|RES:inst2|RFC:inst12|inst                                            ; out0             ;
; |FINAL|DATAPATH:inst1|RES:inst2|RFC:inst12|inst7                                           ; |FINAL|DATAPATH:inst1|RES:inst2|RFC:inst12|inst7                                           ; out              ;
; |FINAL|DATAPATH:inst1|RES:inst2|RFC:inst8|inst6                                            ; |FINAL|DATAPATH:inst1|RES:inst2|RFC:inst8|inst6                                            ; out              ;
; |FINAL|DATAPATH:inst1|RES:inst2|RFC:inst8|inst5                                            ; |FINAL|DATAPATH:inst1|RES:inst2|RFC:inst8|inst5                                            ; regout           ;
; |FINAL|DATAPATH:inst1|RES:inst2|RFC:inst8|inst3                                            ; |FINAL|DATAPATH:inst1|RES:inst2|RFC:inst8|inst3                                            ; out0             ;
; |FINAL|DATAPATH:inst1|RES:inst2|RFC:inst8|inst2                                            ; |FINAL|DATAPATH:inst1|RES:inst2|RFC:inst8|inst2                                            ; out0             ;
; |FINAL|DATAPATH:inst1|RES:inst2|RFC:inst8|inst                                             ; |FINAL|DATAPATH:inst1|RES:inst2|RFC:inst8|inst                                             ; out0             ;
; |FINAL|DATAPATH:inst1|RES:inst2|RFC:inst4|inst3                                            ; |FINAL|DATAPATH:inst1|RES:inst2|RFC:inst4|inst3                                            ; out0             ;
; |FINAL|DATAPATH:inst1|RES:inst2|RFC:inst4|inst2                                            ; |FINAL|DATAPATH:inst1|RES:inst2|RFC:inst4|inst2                                            ; out0             ;
; |FINAL|DATAPATH:inst1|RES:inst2|RFC:inst13|inst6                                           ; |FINAL|DATAPATH:inst1|RES:inst2|RFC:inst13|inst6                                           ; out              ;
; |FINAL|DATAPATH:inst1|RES:inst2|RFC:inst13|inst5                                           ; |FINAL|DATAPATH:inst1|RES:inst2|RFC:inst13|inst5                                           ; regout           ;
; |FINAL|DATAPATH:inst1|RES:inst2|RFC:inst13|inst3                                           ; |FINAL|DATAPATH:inst1|RES:inst2|RFC:inst13|inst3                                           ; out0             ;
; |FINAL|DATAPATH:inst1|RES:inst2|RFC:inst13|inst2                                           ; |FINAL|DATAPATH:inst1|RES:inst2|RFC:inst13|inst2                                           ; out0             ;
; |FINAL|DATAPATH:inst1|RES:inst2|RFC:inst13|inst                                            ; |FINAL|DATAPATH:inst1|RES:inst2|RFC:inst13|inst                                            ; out0             ;
; |FINAL|DATAPATH:inst1|RES:inst2|RFC:inst13|inst7                                           ; |FINAL|DATAPATH:inst1|RES:inst2|RFC:inst13|inst7                                           ; out              ;
; |FINAL|DATAPATH:inst1|RES:inst2|RFC:inst9|inst6                                            ; |FINAL|DATAPATH:inst1|RES:inst2|RFC:inst9|inst6                                            ; out              ;
; |FINAL|DATAPATH:inst1|RES:inst2|RFC:inst9|inst5                                            ; |FINAL|DATAPATH:inst1|RES:inst2|RFC:inst9|inst5                                            ; regout           ;
; |FINAL|DATAPATH:inst1|RES:inst2|RFC:inst9|inst3                                            ; |FINAL|DATAPATH:inst1|RES:inst2|RFC:inst9|inst3                                            ; out0             ;
; |FINAL|DATAPATH:inst1|RES:inst2|RFC:inst9|inst2                                            ; |FINAL|DATAPATH:inst1|RES:inst2|RFC:inst9|inst2                                            ; out0             ;
; |FINAL|DATAPATH:inst1|RES:inst2|RFC:inst9|inst                                             ; |FINAL|DATAPATH:inst1|RES:inst2|RFC:inst9|inst                                             ; out0             ;
; |FINAL|DATAPATH:inst1|RES:inst2|RFC:inst5|inst3                                            ; |FINAL|DATAPATH:inst1|RES:inst2|RFC:inst5|inst3                                            ; out0             ;
; |FINAL|DATAPATH:inst1|RES:inst2|RFC:inst5|inst2                                            ; |FINAL|DATAPATH:inst1|RES:inst2|RFC:inst5|inst2                                            ; out0             ;
; |FINAL|DATAPATH:inst1|RES:inst2|RFC:inst14|inst6                                           ; |FINAL|DATAPATH:inst1|RES:inst2|RFC:inst14|inst6                                           ; out              ;
; |FINAL|DATAPATH:inst1|RES:inst2|RFC:inst14|inst5                                           ; |FINAL|DATAPATH:inst1|RES:inst2|RFC:inst14|inst5                                           ; regout           ;
; |FINAL|DATAPATH:inst1|RES:inst2|RFC:inst14|inst3                                           ; |FINAL|DATAPATH:inst1|RES:inst2|RFC:inst14|inst3                                           ; out0             ;
; |FINAL|DATAPATH:inst1|RES:inst2|RFC:inst14|inst2                                           ; |FINAL|DATAPATH:inst1|RES:inst2|RFC:inst14|inst2                                           ; out0             ;
; |FINAL|DATAPATH:inst1|RES:inst2|RFC:inst14|inst                                            ; |FINAL|DATAPATH:inst1|RES:inst2|RFC:inst14|inst                                            ; out0             ;
; |FINAL|DATAPATH:inst1|RES:inst2|RFC:inst14|inst7                                           ; |FINAL|DATAPATH:inst1|RES:inst2|RFC:inst14|inst7                                           ; out              ;
; |FINAL|DATAPATH:inst1|RES:inst2|RFC:inst10|inst6                                           ; |FINAL|DATAPATH:inst1|RES:inst2|RFC:inst10|inst6                                           ; out              ;
; |FINAL|DATAPATH:inst1|RES:inst2|RFC:inst10|inst5                                           ; |FINAL|DATAPATH:inst1|RES:inst2|RFC:inst10|inst5                                           ; regout           ;
; |FINAL|DATAPATH:inst1|RES:inst2|RFC:inst10|inst3                                           ; |FINAL|DATAPATH:inst1|RES:inst2|RFC:inst10|inst3                                           ; out0             ;
; |FINAL|DATAPATH:inst1|RES:inst2|RFC:inst10|inst2                                           ; |FINAL|DATAPATH:inst1|RES:inst2|RFC:inst10|inst2                                           ; out0             ;
; |FINAL|DATAPATH:inst1|RES:inst2|RFC:inst10|inst                                            ; |FINAL|DATAPATH:inst1|RES:inst2|RFC:inst10|inst                                            ; out0             ;
; |FINAL|DATAPATH:inst1|RES:inst2|DECODER2TO4:inst1|inst                                     ; |FINAL|DATAPATH:inst1|RES:inst2|DECODER2TO4:inst1|inst                                     ; out0             ;
; |FINAL|DATAPATH:inst1|RES:inst2|DECODER2TO4:inst1|inst2                                    ; |FINAL|DATAPATH:inst1|RES:inst2|DECODER2TO4:inst1|inst2                                    ; out0             ;
; |FINAL|DATAPATH:inst1|RES:inst2|DECODER2TO4:inst2|inst                                     ; |FINAL|DATAPATH:inst1|RES:inst2|DECODER2TO4:inst2|inst                                     ; out0             ;
; |FINAL|DATAPATH:inst1|RES:inst2|DECODER2TO4:inst2|inst1                                    ; |FINAL|DATAPATH:inst1|RES:inst2|DECODER2TO4:inst2|inst1                                    ; out0             ;
; |FINAL|DATAPATH:inst1|RES:inst2|DECODER2TO4:inst2|inst2                                    ; |FINAL|DATAPATH:inst1|RES:inst2|DECODER2TO4:inst2|inst2                                    ; out0             ;
; |FINAL|DATAPATH:inst1|RES:inst2|DECODER2TO4:inst|inst                                      ; |FINAL|DATAPATH:inst1|RES:inst2|DECODER2TO4:inst|inst                                      ; out0             ;
; |FINAL|DATAPATH:inst1|RES:inst2|DECODER2TO4:inst|inst1                                     ; |FINAL|DATAPATH:inst1|RES:inst2|DECODER2TO4:inst|inst1                                     ; out0             ;
; |FINAL|DATAPATH:inst1|RES:inst2|DECODER2TO4:inst|inst2                                     ; |FINAL|DATAPATH:inst1|RES:inst2|DECODER2TO4:inst|inst2                                     ; out0             ;
; |FINAL|DATAPATH:inst1|RES:inst2|RFC:inst6|inst3                                            ; |FINAL|DATAPATH:inst1|RES:inst2|RFC:inst6|inst3                                            ; out0             ;
; |FINAL|DATAPATH:inst1|RES:inst2|RFC:inst6|inst2                                            ; |FINAL|DATAPATH:inst1|RES:inst2|RFC:inst6|inst2                                            ; out0             ;
; |FINAL|DATAPATH:inst1|ALU_4bit:inst|ALU_1bit:inst|inst2                                    ; |FINAL|DATAPATH:inst1|ALU_4bit:inst|ALU_1bit:inst|inst2                                    ; out0             ;
; |FINAL|DATAPATH:inst1|ALU_4bit:inst|ALU_1bit:inst|MUX81:inst|mux41:inst6|MUX21:inst|inst2  ; |FINAL|DATAPATH:inst1|ALU_4bit:inst|ALU_1bit:inst|MUX81:inst|mux41:inst6|MUX21:inst|inst2  ; out0             ;
; |FINAL|DATAPATH:inst1|ALU_4bit:inst|ALU_1bit:inst|MUX81:inst|mux41:inst6|MUX21:inst|inst1  ; |FINAL|DATAPATH:inst1|ALU_4bit:inst|ALU_1bit:inst|MUX81:inst|mux41:inst6|MUX21:inst|inst1  ; out0             ;
; |FINAL|DATAPATH:inst1|ALU_4bit:inst|ALU_1bit:inst|MUX81:inst|mux41:inst6|MUX21:inst|inst   ; |FINAL|DATAPATH:inst1|ALU_4bit:inst|ALU_1bit:inst|MUX81:inst|mux41:inst6|MUX21:inst|inst   ; out0             ;
; |FINAL|DATAPATH:inst1|ALU_4bit:inst|ALU_1bit:inst|MUX81:inst|mux41:inst5|MUX21:inst|inst2  ; |FINAL|DATAPATH:inst1|ALU_4bit:inst|ALU_1bit:inst|MUX81:inst|mux41:inst5|MUX21:inst|inst2  ; out0             ;
; |FINAL|DATAPATH:inst1|ALU_4bit:inst|ALU_1bit:inst|MUX81:inst|mux41:inst5|MUX21:inst|inst1  ; |FINAL|DATAPATH:inst1|ALU_4bit:inst|ALU_1bit:inst|MUX81:inst|mux41:inst5|MUX21:inst|inst1  ; out0             ;
; |FINAL|DATAPATH:inst1|ALU_4bit:inst|ALU_1bit:inst|MUX81:inst|mux41:inst5|MUX21:inst|inst   ; |FINAL|DATAPATH:inst1|ALU_4bit:inst|ALU_1bit:inst|MUX81:inst|mux41:inst5|MUX21:inst|inst   ; out0             ;
; |FINAL|DATAPATH:inst1|ALU_4bit:inst|ALU_1bit:inst|MUX81:inst|MUX21:inst|inst2              ; |FINAL|DATAPATH:inst1|ALU_4bit:inst|ALU_1bit:inst|MUX81:inst|MUX21:inst|inst2              ; out0             ;
; |FINAL|DATAPATH:inst1|ALU_4bit:inst|ALU_1bit:inst|MUX81:inst|MUX21:inst|inst1              ; |FINAL|DATAPATH:inst1|ALU_4bit:inst|ALU_1bit:inst|MUX81:inst|MUX21:inst|inst1              ; out0             ;
; |FINAL|DATAPATH:inst1|ALU_4bit:inst|ALU_1bit:inst|MUX81:inst|MUX21:inst|inst               ; |FINAL|DATAPATH:inst1|ALU_4bit:inst|ALU_1bit:inst|MUX81:inst|MUX21:inst|inst               ; out0             ;
; |FINAL|DATAPATH:inst1|ALU_4bit:inst|ALU_1bit:inst|Full_Adder:inst5|inst                    ; |FINAL|DATAPATH:inst1|ALU_4bit:inst|ALU_1bit:inst|Full_Adder:inst5|inst                    ; out0             ;
; |FINAL|DATAPATH:inst1|ALU_4bit:inst|ALU_1bit:inst|Full_Adder:inst5|inst3                   ; |FINAL|DATAPATH:inst1|ALU_4bit:inst|ALU_1bit:inst|Full_Adder:inst5|inst3                   ; out0             ;
; |FINAL|DATAPATH:inst1|ALU_4bit:inst|ALU_1bit:inst4|inst2                                   ; |FINAL|DATAPATH:inst1|ALU_4bit:inst|ALU_1bit:inst4|inst2                                   ; out0             ;
; |FINAL|DATAPATH:inst1|ALU_4bit:inst|ALU_1bit:inst4|MUX81:inst|mux41:inst6|MUX21:inst|inst2 ; |FINAL|DATAPATH:inst1|ALU_4bit:inst|ALU_1bit:inst4|MUX81:inst|mux41:inst6|MUX21:inst|inst2 ; out0             ;
; |FINAL|DATAPATH:inst1|ALU_4bit:inst|ALU_1bit:inst4|MUX81:inst|mux41:inst6|MUX21:inst|inst1 ; |FINAL|DATAPATH:inst1|ALU_4bit:inst|ALU_1bit:inst4|MUX81:inst|mux41:inst6|MUX21:inst|inst1 ; out0             ;
; |FINAL|DATAPATH:inst1|ALU_4bit:inst|ALU_1bit:inst4|MUX81:inst|mux41:inst6|MUX21:inst|inst  ; |FINAL|DATAPATH:inst1|ALU_4bit:inst|ALU_1bit:inst4|MUX81:inst|mux41:inst6|MUX21:inst|inst  ; out0             ;
; |FINAL|DATAPATH:inst1|ALU_4bit:inst|ALU_1bit:inst4|MUX81:inst|mux41:inst5|MUX21:inst|inst2 ; |FINAL|DATAPATH:inst1|ALU_4bit:inst|ALU_1bit:inst4|MUX81:inst|mux41:inst5|MUX21:inst|inst2 ; out0             ;
; |FINAL|DATAPATH:inst1|ALU_4bit:inst|ALU_1bit:inst4|MUX81:inst|mux41:inst5|MUX21:inst|inst1 ; |FINAL|DATAPATH:inst1|ALU_4bit:inst|ALU_1bit:inst4|MUX81:inst|mux41:inst5|MUX21:inst|inst1 ; out0             ;
; |FINAL|DATAPATH:inst1|ALU_4bit:inst|ALU_1bit:inst4|MUX81:inst|mux41:inst5|MUX21:inst|inst  ; |FINAL|DATAPATH:inst1|ALU_4bit:inst|ALU_1bit:inst4|MUX81:inst|mux41:inst5|MUX21:inst|inst  ; out0             ;
; |FINAL|DATAPATH:inst1|ALU_4bit:inst|ALU_1bit:inst4|MUX81:inst|MUX21:inst|inst2             ; |FINAL|DATAPATH:inst1|ALU_4bit:inst|ALU_1bit:inst4|MUX81:inst|MUX21:inst|inst2             ; out0             ;
; |FINAL|DATAPATH:inst1|ALU_4bit:inst|ALU_1bit:inst4|MUX81:inst|MUX21:inst|inst1             ; |FINAL|DATAPATH:inst1|ALU_4bit:inst|ALU_1bit:inst4|MUX81:inst|MUX21:inst|inst1             ; out0             ;
; |FINAL|DATAPATH:inst1|ALU_4bit:inst|ALU_1bit:inst4|Full_Adder:inst5|inst1                  ; |FINAL|DATAPATH:inst1|ALU_4bit:inst|ALU_1bit:inst4|Full_Adder:inst5|inst1                  ; out0             ;
; |FINAL|DATAPATH:inst1|ALU_4bit:inst|ALU_1bit:inst4|Full_Adder:inst5|inst                   ; |FINAL|DATAPATH:inst1|ALU_4bit:inst|ALU_1bit:inst4|Full_Adder:inst5|inst                   ; out0             ;
; |FINAL|DATAPATH:inst1|ALU_4bit:inst|ALU_1bit:inst4|Full_Adder:inst5|inst4                  ; |FINAL|DATAPATH:inst1|ALU_4bit:inst|ALU_1bit:inst4|Full_Adder:inst5|inst4                  ; out0             ;
; |FINAL|DATAPATH:inst1|ALU_4bit:inst|ALU_1bit:inst4|Full_Adder:inst5|inst3                  ; |FINAL|DATAPATH:inst1|ALU_4bit:inst|ALU_1bit:inst4|Full_Adder:inst5|inst3                  ; out0             ;
; |FINAL|DATAPATH:inst1|ALU_4bit:inst|ALU_1bit:inst4|Full_Adder:inst5|inst2                  ; |FINAL|DATAPATH:inst1|ALU_4bit:inst|ALU_1bit:inst4|Full_Adder:inst5|inst2                  ; out0             ;
; |FINAL|DATAPATH:inst1|ALU_4bit:inst|ALU_1bit:inst4|Full_Suber:ins789t|inst1                ; |FINAL|DATAPATH:inst1|ALU_4bit:inst|ALU_1bit:inst4|Full_Suber:ins789t|inst1                ; out0             ;
; |FINAL|DATAPATH:inst1|ALU_4bit:inst|ALU_1bit:inst4|Full_Suber:ins789t|inst4                ; |FINAL|DATAPATH:inst1|ALU_4bit:inst|ALU_1bit:inst4|Full_Suber:ins789t|inst4                ; out0             ;
; |FINAL|DATAPATH:inst1|ALU_4bit:inst|ALU_1bit:inst4|Full_Suber:ins789t|inst2                ; |FINAL|DATAPATH:inst1|ALU_4bit:inst|ALU_1bit:inst4|Full_Suber:ins789t|inst2                ; out0             ;
; |FINAL|DATAPATH:inst1|ALU_4bit:inst|ALU_1bit:inst5|inst2                                   ; |FINAL|DATAPATH:inst1|ALU_4bit:inst|ALU_1bit:inst5|inst2                                   ; out0             ;
; |FINAL|DATAPATH:inst1|ALU_4bit:inst|ALU_1bit:inst5|MUX81:inst|mux41:inst6|MUX21:inst|inst2 ; |FINAL|DATAPATH:inst1|ALU_4bit:inst|ALU_1bit:inst5|MUX81:inst|mux41:inst6|MUX21:inst|inst2 ; out0             ;
; |FINAL|DATAPATH:inst1|ALU_4bit:inst|ALU_1bit:inst5|MUX81:inst|mux41:inst6|MUX21:inst|inst1 ; |FINAL|DATAPATH:inst1|ALU_4bit:inst|ALU_1bit:inst5|MUX81:inst|mux41:inst6|MUX21:inst|inst1 ; out0             ;
; |FINAL|DATAPATH:inst1|ALU_4bit:inst|ALU_1bit:inst5|MUX81:inst|mux41:inst6|MUX21:inst|inst  ; |FINAL|DATAPATH:inst1|ALU_4bit:inst|ALU_1bit:inst5|MUX81:inst|mux41:inst6|MUX21:inst|inst  ; out0             ;
; |FINAL|DATAPATH:inst1|ALU_4bit:inst|ALU_1bit:inst5|MUX81:inst|mux41:inst5|MUX21:inst|inst2 ; |FINAL|DATAPATH:inst1|ALU_4bit:inst|ALU_1bit:inst5|MUX81:inst|mux41:inst5|MUX21:inst|inst2 ; out0             ;
; |FINAL|DATAPATH:inst1|ALU_4bit:inst|ALU_1bit:inst5|MUX81:inst|mux41:inst5|MUX21:inst|inst1 ; |FINAL|DATAPATH:inst1|ALU_4bit:inst|ALU_1bit:inst5|MUX81:inst|mux41:inst5|MUX21:inst|inst1 ; out0             ;
; |FINAL|DATAPATH:inst1|ALU_4bit:inst|ALU_1bit:inst5|MUX81:inst|mux41:inst5|MUX21:inst|inst  ; |FINAL|DATAPATH:inst1|ALU_4bit:inst|ALU_1bit:inst5|MUX81:inst|mux41:inst5|MUX21:inst|inst  ; out0             ;
; |FINAL|DATAPATH:inst1|ALU_4bit:inst|ALU_1bit:inst5|MUX81:inst|MUX21:inst|inst2             ; |FINAL|DATAPATH:inst1|ALU_4bit:inst|ALU_1bit:inst5|MUX81:inst|MUX21:inst|inst2             ; out0             ;
; |FINAL|DATAPATH:inst1|ALU_4bit:inst|ALU_1bit:inst5|MUX81:inst|MUX21:inst|inst1             ; |FINAL|DATAPATH:inst1|ALU_4bit:inst|ALU_1bit:inst5|MUX81:inst|MUX21:inst|inst1             ; out0             ;
; |FINAL|DATAPATH:inst1|ALU_4bit:inst|ALU_1bit:inst5|Full_Adder:inst5|inst1                  ; |FINAL|DATAPATH:inst1|ALU_4bit:inst|ALU_1bit:inst5|Full_Adder:inst5|inst1                  ; out0             ;
; |FINAL|DATAPATH:inst1|ALU_4bit:inst|ALU_1bit:inst5|Full_Adder:inst5|inst                   ; |FINAL|DATAPATH:inst1|ALU_4bit:inst|ALU_1bit:inst5|Full_Adder:inst5|inst                   ; out0             ;
; |FINAL|DATAPATH:inst1|ALU_4bit:inst|ALU_1bit:inst5|Full_Adder:inst5|inst4                  ; |FINAL|DATAPATH:inst1|ALU_4bit:inst|ALU_1bit:inst5|Full_Adder:inst5|inst4                  ; out0             ;
; |FINAL|DATAPATH:inst1|ALU_4bit:inst|ALU_1bit:inst5|Full_Adder:inst5|inst3                  ; |FINAL|DATAPATH:inst1|ALU_4bit:inst|ALU_1bit:inst5|Full_Adder:inst5|inst3                  ; out0             ;
; |FINAL|DATAPATH:inst1|ALU_4bit:inst|ALU_1bit:inst5|Full_Suber:ins789t|inst1                ; |FINAL|DATAPATH:inst1|ALU_4bit:inst|ALU_1bit:inst5|Full_Suber:ins789t|inst1                ; out0             ;
; |FINAL|DATAPATH:inst1|ALU_4bit:inst|ALU_1bit:inst5|Full_Suber:ins789t|inst4                ; |FINAL|DATAPATH:inst1|ALU_4bit:inst|ALU_1bit:inst5|Full_Suber:ins789t|inst4                ; out0             ;
; |FINAL|DATAPATH:inst1|ALU_4bit:inst|ALU_1bit:inst5|Full_Suber:ins789t|inst2                ; |FINAL|DATAPATH:inst1|ALU_4bit:inst|ALU_1bit:inst5|Full_Suber:ins789t|inst2                ; out0             ;
; |FINAL|DATAPATH:inst1|ALU_4bit:inst|ALU_1bit:inst6|MUX81:inst|mux41:inst6|MUX21:inst|inst2 ; |FINAL|DATAPATH:inst1|ALU_4bit:inst|ALU_1bit:inst6|MUX81:inst|mux41:inst6|MUX21:inst|inst2 ; out0             ;
; |FINAL|DATAPATH:inst1|ALU_4bit:inst|ALU_1bit:inst6|MUX81:inst|mux41:inst6|MUX21:inst|inst1 ; |FINAL|DATAPATH:inst1|ALU_4bit:inst|ALU_1bit:inst6|MUX81:inst|mux41:inst6|MUX21:inst|inst1 ; out0             ;
; |FINAL|DATAPATH:inst1|ALU_4bit:inst|ALU_1bit:inst6|MUX81:inst|mux41:inst6|MUX21:inst|inst  ; |FINAL|DATAPATH:inst1|ALU_4bit:inst|ALU_1bit:inst6|MUX81:inst|mux41:inst6|MUX21:inst|inst  ; out0             ;
; |FINAL|DATAPATH:inst1|ALU_4bit:inst|ALU_1bit:inst6|MUX81:inst|mux41:inst5|MUX21:inst|inst2 ; |FINAL|DATAPATH:inst1|ALU_4bit:inst|ALU_1bit:inst6|MUX81:inst|mux41:inst5|MUX21:inst|inst2 ; out0             ;
; |FINAL|DATAPATH:inst1|ALU_4bit:inst|ALU_1bit:inst6|MUX81:inst|mux41:inst5|MUX21:inst|inst  ; |FINAL|DATAPATH:inst1|ALU_4bit:inst|ALU_1bit:inst6|MUX81:inst|mux41:inst5|MUX21:inst|inst  ; out0             ;
; |FINAL|DATAPATH:inst1|ALU_4bit:inst|ALU_1bit:inst6|MUX81:inst|MUX21:inst|inst2             ; |FINAL|DATAPATH:inst1|ALU_4bit:inst|ALU_1bit:inst6|MUX81:inst|MUX21:inst|inst2             ; out0             ;
; |FINAL|DATAPATH:inst1|ALU_4bit:inst|ALU_1bit:inst6|MUX81:inst|MUX21:inst|inst1             ; |FINAL|DATAPATH:inst1|ALU_4bit:inst|ALU_1bit:inst6|MUX81:inst|MUX21:inst|inst1             ; out0             ;
; |FINAL|DATAPATH:inst1|ALU_4bit:inst|ALU_1bit:inst6|MUX81:inst|MUX21:inst|inst              ; |FINAL|DATAPATH:inst1|ALU_4bit:inst|ALU_1bit:inst6|MUX81:inst|MUX21:inst|inst              ; out0             ;
; |FINAL|DATAPATH:inst1|ALU_4bit:inst|ALU_1bit:inst6|Full_Adder:inst5|inst1                  ; |FINAL|DATAPATH:inst1|ALU_4bit:inst|ALU_1bit:inst6|Full_Adder:inst5|inst1                  ; out0             ;
; |FINAL|DATAPATH:inst1|ALU_4bit:inst|ALU_1bit:inst6|Full_Adder:inst5|inst                   ; |FINAL|DATAPATH:inst1|ALU_4bit:inst|ALU_1bit:inst6|Full_Adder:inst5|inst                   ; out0             ;
; |FINAL|DATAPATH:inst1|ALU_4bit:inst|ALU_1bit:inst6|Full_Suber:ins789t|inst1                ; |FINAL|DATAPATH:inst1|ALU_4bit:inst|ALU_1bit:inst6|Full_Suber:ins789t|inst1                ; out0             ;
+--------------------------------------------------------------------------------------------+--------------------------------------------------------------------------------------------+------------------+


The following table displays output ports that do not toggle to 1 during simulation.
+------------------------------------------------------------------------------------------------------------------------------------------------------------------------------------------------------------+
; Missing 1-Value Coverage                                                                                                                                                                                   ;
+--------------------------------------------------------------------------------------------+--------------------------------------------------------------------------------------------+------------------+
; Node Name                                                                                  ; Output Port Name                                                                           ; Output Port Type ;
+--------------------------------------------------------------------------------------------+--------------------------------------------------------------------------------------------+------------------+
; |FINAL|I[3]                                                                                ; |FINAL|I[3]                                                                                ; out              ;
; |FINAL|DATAPATH:inst1|SELECTOR:inst3|inst                                                  ; |FINAL|DATAPATH:inst1|SELECTOR:inst3|inst                                                  ; out0             ;
; |FINAL|DATAPATH:inst1|RES:inst2|B3                                                         ; |FINAL|DATAPATH:inst1|RES:inst2|B3                                                         ; out0             ;
; |FINAL|DATAPATH:inst1|RES:inst2|RFC:inst11|inst6                                           ; |FINAL|DATAPATH:inst1|RES:inst2|RFC:inst11|inst6                                           ; out              ;
; |FINAL|DATAPATH:inst1|RES:inst2|RFC:inst11|inst5                                           ; |FINAL|DATAPATH:inst1|RES:inst2|RFC:inst11|inst5                                           ; regout           ;
; |FINAL|DATAPATH:inst1|RES:inst2|RFC:inst11|inst                                            ; |FINAL|DATAPATH:inst1|RES:inst2|RFC:inst11|inst                                            ; out0             ;
; |FINAL|DATAPATH:inst1|RES:inst2|RFC:inst11|inst7                                           ; |FINAL|DATAPATH:inst1|RES:inst2|RFC:inst11|inst7                                           ; out              ;
; |FINAL|DATAPATH:inst1|RES:inst2|RFC:inst7|inst7                                            ; |FINAL|DATAPATH:inst1|RES:inst2|RFC:inst7|inst7                                            ; out              ;
; |FINAL|DATAPATH:inst1|RES:inst2|RFC:inst3|inst6                                            ; |FINAL|DATAPATH:inst1|RES:inst2|RFC:inst3|inst6                                            ; out              ;
; |FINAL|DATAPATH:inst1|RES:inst2|RFC:inst3|inst7                                            ; |FINAL|DATAPATH:inst1|RES:inst2|RFC:inst3|inst7                                            ; out              ;
; |FINAL|DATAPATH:inst1|RES:inst2|RFC:inst8|inst7                                            ; |FINAL|DATAPATH:inst1|RES:inst2|RFC:inst8|inst7                                            ; out              ;
; |FINAL|DATAPATH:inst1|RES:inst2|RFC:inst4|inst6                                            ; |FINAL|DATAPATH:inst1|RES:inst2|RFC:inst4|inst6                                            ; out              ;
; |FINAL|DATAPATH:inst1|RES:inst2|RFC:inst4|inst5                                            ; |FINAL|DATAPATH:inst1|RES:inst2|RFC:inst4|inst5                                            ; regout           ;
; |FINAL|DATAPATH:inst1|RES:inst2|RFC:inst4|inst                                             ; |FINAL|DATAPATH:inst1|RES:inst2|RFC:inst4|inst                                             ; out0             ;
; |FINAL|DATAPATH:inst1|RES:inst2|RFC:inst4|inst7                                            ; |FINAL|DATAPATH:inst1|RES:inst2|RFC:inst4|inst7                                            ; out              ;
; |FINAL|DATAPATH:inst1|RES:inst2|RFC:inst9|inst7                                            ; |FINAL|DATAPATH:inst1|RES:inst2|RFC:inst9|inst7                                            ; out              ;
; |FINAL|DATAPATH:inst1|RES:inst2|RFC:inst5|inst6                                            ; |FINAL|DATAPATH:inst1|RES:inst2|RFC:inst5|inst6                                            ; out              ;
; |FINAL|DATAPATH:inst1|RES:inst2|RFC:inst5|inst5                                            ; |FINAL|DATAPATH:inst1|RES:inst2|RFC:inst5|inst5                                            ; regout           ;
; |FINAL|DATAPATH:inst1|RES:inst2|RFC:inst5|inst                                             ; |FINAL|DATAPATH:inst1|RES:inst2|RFC:inst5|inst                                             ; out0             ;
; |FINAL|DATAPATH:inst1|RES:inst2|RFC:inst5|inst7                                            ; |FINAL|DATAPATH:inst1|RES:inst2|RFC:inst5|inst7                                            ; out              ;
; |FINAL|DATAPATH:inst1|RES:inst2|RFC:inst10|inst7                                           ; |FINAL|DATAPATH:inst1|RES:inst2|RFC:inst10|inst7                                           ; out              ;
; |FINAL|DATAPATH:inst1|RES:inst2|RFC:inst6|inst6                                            ; |FINAL|DATAPATH:inst1|RES:inst2|RFC:inst6|inst6                                            ; out              ;
; |FINAL|DATAPATH:inst1|RES:inst2|RFC:inst6|inst5                                            ; |FINAL|DATAPATH:inst1|RES:inst2|RFC:inst6|inst5                                            ; regout           ;
; |FINAL|DATAPATH:inst1|RES:inst2|RFC:inst6|inst                                             ; |FINAL|DATAPATH:inst1|RES:inst2|RFC:inst6|inst                                             ; out0             ;
; |FINAL|DATAPATH:inst1|RES:inst2|RFC:inst6|inst7                                            ; |FINAL|DATAPATH:inst1|RES:inst2|RFC:inst6|inst7                                            ; out              ;
; |FINAL|DATAPATH:inst1|ALU_4bit:inst|ALU_1bit:inst4|MUX81:inst|MUX21:inst|inst              ; |FINAL|DATAPATH:inst1|ALU_4bit:inst|ALU_1bit:inst4|MUX81:inst|MUX21:inst|inst              ; out0             ;
; |FINAL|DATAPATH:inst1|ALU_4bit:inst|ALU_1bit:inst5|MUX81:inst|MUX21:inst|inst              ; |FINAL|DATAPATH:inst1|ALU_4bit:inst|ALU_1bit:inst5|MUX81:inst|MUX21:inst|inst              ; out0             ;
; |FINAL|DATAPATH:inst1|ALU_4bit:inst|ALU_1bit:inst5|Full_Adder:inst5|inst2                  ; |FINAL|DATAPATH:inst1|ALU_4bit:inst|ALU_1bit:inst5|Full_Adder:inst5|inst2                  ; out0             ;
; |FINAL|DATAPATH:inst1|ALU_4bit:inst|ALU_1bit:inst6|inst2                                   ; |FINAL|DATAPATH:inst1|ALU_4bit:inst|ALU_1bit:inst6|inst2                                   ; out0             ;
; |FINAL|DATAPATH:inst1|ALU_4bit:inst|ALU_1bit:inst6|MUX81:inst|mux41:inst5|MUX21:inst|inst1 ; |FINAL|DATAPATH:inst1|ALU_4bit:inst|ALU_1bit:inst6|MUX81:inst|mux41:inst5|MUX21:inst|inst1 ; out0             ;
+--------------------------------------------------------------------------------------------+--------------------------------------------------------------------------------------------+------------------+


The following table displays output ports that do not toggle to 0 during simulation.
+------------------------------------------------------------------------------------------------------------------------+
; Missing 0-Value Coverage                                                                                               ;
+--------------------------------------------------+--------------------------------------------------+------------------+
; Node Name                                        ; Output Port Name                                 ; Output Port Type ;
+--------------------------------------------------+--------------------------------------------------+------------------+
; |FINAL|I[3]                                      ; |FINAL|I[3]                                      ; out              ;
; |FINAL|DATAPATH:inst1|SELECTOR:inst3|inst        ; |FINAL|DATAPATH:inst1|SELECTOR:inst3|inst        ; out0             ;
; |FINAL|DATAPATH:inst1|RES:inst2|RFC:inst11|inst5 ; |FINAL|DATAPATH:inst1|RES:inst2|RFC:inst11|inst5 ; regout           ;
; |FINAL|DATAPATH:inst1|RES:inst2|RFC:inst11|inst  ; |FINAL|DATAPATH:inst1|RES:inst2|RFC:inst11|inst  ; out0             ;
; |FINAL|DATAPATH:inst1|RES:inst2|RFC:inst7|inst5  ; |FINAL|DATAPATH:inst1|RES:inst2|RFC:inst7|inst5  ; regout           ;
; |FINAL|DATAPATH:inst1|RES:inst2|RFC:inst7|inst7  ; |FINAL|DATAPATH:inst1|RES:inst2|RFC:inst7|inst7  ; out              ;
; |FINAL|DATAPATH:inst1|RES:inst2|RFC:inst8|inst7  ; |FINAL|DATAPATH:inst1|RES:inst2|RFC:inst8|inst7  ; out              ;
; |FINAL|DATAPATH:inst1|RES:inst2|RFC:inst4|inst5  ; |FINAL|DATAPATH:inst1|RES:inst2|RFC:inst4|inst5  ; regout           ;
; |FINAL|DATAPATH:inst1|RES:inst2|RFC:inst4|inst   ; |FINAL|DATAPATH:inst1|RES:inst2|RFC:inst4|inst   ; out0             ;
; |FINAL|DATAPATH:inst1|RES:inst2|RFC:inst9|inst7  ; |FINAL|DATAPATH:inst1|RES:inst2|RFC:inst9|inst7  ; out              ;
; |FINAL|DATAPATH:inst1|RES:inst2|RFC:inst5|inst5  ; |FINAL|DATAPATH:inst1|RES:inst2|RFC:inst5|inst5  ; regout           ;
; |FINAL|DATAPATH:inst1|RES:inst2|RFC:inst5|inst   ; |FINAL|DATAPATH:inst1|RES:inst2|RFC:inst5|inst   ; out0             ;
; |FINAL|DATAPATH:inst1|RES:inst2|RFC:inst10|inst7 ; |FINAL|DATAPATH:inst1|RES:inst2|RFC:inst10|inst7 ; out              ;
; |FINAL|DATAPATH:inst1|RES:inst2|RFC:inst6|inst5  ; |FINAL|DATAPATH:inst1|RES:inst2|RFC:inst6|inst5  ; regout           ;
; |FINAL|DATAPATH:inst1|RES:inst2|RFC:inst6|inst   ; |FINAL|DATAPATH:inst1|RES:inst2|RFC:inst6|inst   ; out0             ;
+--------------------------------------------------+--------------------------------------------------+------------------+


+---------------------+
; Simulator INI Usage ;
+--------+------------+
; Option ; Usage      ;
+--------+------------+


+--------------------+
; Simulator Messages ;
+--------------------+
Info: *******************************************************************
Info: Running Quartus II 64-Bit Simulator
    Info: Version 13.0.1 Build 232 06/12/2013 Service Pack 1 SJ Web Edition
    Info: Processing started: Tue Dec 02 13:26:31 2025
Info: Command: quartus_sim --simulation_results_format=VWF LAB06 -c LAB06
Info (324025): Using vector source file "C:/altera/LAB06/FINAL.vwf"
Info (310003): Option to preserve fewer signal transitions to reduce memory requirements is enabled
    Info (310004): Simulation has been partitioned into sub-simulations according to the maximum transition count determined by the engine. Transitions from memory will be flushed out to disk at the end of each sub-simulation to reduce memory requirements.
Warning (324036): Found clock-sensitive change during active clock edge at time 10.0 ns on register "|FINAL|CONTROL:inst|inst6"
Warning (324036): Found clock-sensitive change during active clock edge at time 30.0 ns on register "|FINAL|DATAPATH:inst1|RES:inst2|RFC:inst13|inst5"
Warning (324036): Found clock-sensitive change during active clock edge at time 30.0 ns on register "|FINAL|DATAPATH:inst1|RES:inst2|RFC:inst14|inst5"
Warning (324036): Found clock-sensitive change during active clock edge at time 270.0 ns on register "|FINAL|DATAPATH:inst1|RES:inst2|RFC:inst12|inst5"
Info (310002): Simulation partitioned into 1 sub-simulations
Info (328053): Simulation coverage is      85.51 %
Info (328052): Number of transitions in simulation is 3969
Info (324045): Vector file LAB06.sim.vwf is saved in VWF text format. You can compress it into CVWF format in order to reduce file size. For more details please refer to the Quartus II Help.
Info: Quartus II 64-Bit Simulator was successful. 0 errors, 4 warnings
    Info: Peak virtual memory: 4446 megabytes
    Info: Processing ended: Tue Dec 02 13:26:31 2025
    Info: Elapsed time: 00:00:00
    Info: Total CPU time (on all processors): 00:00:00


