TimeQuest Timing Analyzer report for LAB02MEALY
Tue Dec 02 09:39:01 2025
Quartus II 64-Bit Version 13.0.1 Build 232 06/12/2013 Service Pack 1 SJ Web Edition


---------------------
; Table of Contents ;
---------------------
  1. Legal Notice
  2. TimeQuest Timing Analyzer Summary
  3. Parallel Compilation
  4. Clocks
  5. Slow Model Fmax Summary
  6. Slow Model Setup Summary
  7. Slow Model Hold Summary
  8. Slow Model Recovery Summary
  9. Slow Model Removal Summary
 10. Slow Model Minimum Pulse Width Summary
 11. Slow Model Minimum Pulse Width: 'myDFF:inst9|inst9~1'
 12. Slow Model Minimum Pulse Width: 'myDFF:inst|inst9~1'
 13. Clock to Output Times
 14. Minimum Clock to Output Times
 15. Propagation Delay
 16. Minimum Propagation Delay
 17. Fast Model Setup Summary
 18. Fast Model Hold Summary
 19. Fast Model Recovery Summary
 20. Fast Model Removal Summary
 21. Fast Model Minimum Pulse Width Summary
 22. Fast Model Minimum Pulse Width: 'myDFF:inst9|inst9~1'
 23. Fast Model Minimum Pulse Width: 'myDFF:inst|inst9~1'
 24. Clock to Output Times
 25. Minimum Clock to Output Times
 26. Propagation Delay
 27. Minimum Propagation Delay
 28. Multicorner Timing Analysis Summary
 29. Clock to Output Times
 30. Minimum Clock to Output Times
 31. Progagation Delay
 32. Minimum Progagation Delay
 33. Clock Transfers
 34. Report TCCS
 35. Report RSKM
 36. Unconstrained Paths
 37. TimeQuest Timing Analyzer Messages



----------------
; Legal Notice ;
----------------
Copyright (C) 1991-2013 Altera Corporation
Your use of Altera Corporation's design tools, logic functions 
and other software and tools, and its AMPP partner logic 
functions, and any output files from any of the foregoing 
(including device programming or simulation files), and any 
associated documentation or information are expressly subject 
to the terms and conditions of the Altera Program License 
Subscription Agreement, Altera MegaCore Function License 
Agreement, or other applicable license agreement, including, 
without limitation, that your use is for the sole purpose of 
programming logic devices manufactured by Altera and sold by 
Altera or its authorized distributors.  Please refer to the 
applicable agreement for further details.



+----------------------------------------------------------------------------------------+
; TimeQuest Timing Analyzer Summary                                                      ;
+--------------------+-------------------------------------------------------------------+
; Quartus II Version ; Version 13.0.1 Build 232 06/12/2013 Service Pack 1 SJ Web Edition ;
; Revision Name      ; LAB02MEALY                                                        ;
; Device Family      ; Cyclone II                                                        ;
; Device Name        ; EP2C35F672C6                                                      ;
; Timing Models      ; Final                                                             ;
; Delay Model        ; Combined                                                          ;
; Rise/Fall Delays   ; Unavailable                                                       ;
+--------------------+-------------------------------------------------------------------+


Parallel compilation was disabled, but you have multiple processors available. Enable parallel compilation to reduce compilation time.
+-------------------------------------+
; Parallel Compilation                ;
+----------------------------+--------+
; Processors                 ; Number ;
+----------------------------+--------+
; Number detected on machine ; 12     ;
; Maximum allowed            ; 1      ;
+----------------------------+--------+


+----------------------------------------------------------------------------------------------------------------------------------------------------------------------------------------------------------+
; Clocks                                                                                                                                                                                                   ;
+---------------------+------+--------+------------+-------+-------+------------+-----------+-------------+-------+--------+-----------+------------+----------+--------+--------+-------------------------+
; Clock Name          ; Type ; Period ; Frequency  ; Rise  ; Fall  ; Duty Cycle ; Divide by ; Multiply by ; Phase ; Offset ; Edge List ; Edge Shift ; Inverted ; Master ; Source ; Targets                 ;
+---------------------+------+--------+------------+-------+-------+------------+-----------+-------------+-------+--------+-----------+------------+----------+--------+--------+-------------------------+
; myDFF:inst9|inst9~1 ; Base ; 1.000  ; 1000.0 MHz ; 0.000 ; 0.500 ;            ;           ;             ;       ;        ;           ;            ;          ;        ;        ; { myDFF:inst9|inst9~1 } ;
; myDFF:inst|inst9~1  ; Base ; 1.000  ; 1000.0 MHz ; 0.000 ; 0.500 ;            ;           ;             ;       ;        ;           ;            ;          ;        ;        ; { myDFF:inst|inst9~1 }  ;
+---------------------+------+--------+------------+-------+-------+------------+-----------+-------------+-------+--------+-----------+------------+----------+--------+--------+-------------------------+


---------------------------
; Slow Model Fmax Summary ;
---------------------------
No paths to report.


----------------------------
; Slow Model Setup Summary ;
----------------------------
No paths to report.


---------------------------
; Slow Model Hold Summary ;
---------------------------
No paths to report.


-------------------------------
; Slow Model Recovery Summary ;
-------------------------------
No paths to report.


------------------------------
; Slow Model Removal Summary ;
------------------------------
No paths to report.


+---------------------------------------------+
; Slow Model Minimum Pulse Width Summary      ;
+---------------------+-------+---------------+
; Clock               ; Slack ; End Point TNS ;
+---------------------+-------+---------------+
; myDFF:inst9|inst9~1 ; 0.500 ; 0.000         ;
; myDFF:inst|inst9~1  ; 0.500 ; 0.000         ;
+---------------------+-------+---------------+


+---------------------------------------------------------------------------------------------------------------------+
; Slow Model Minimum Pulse Width: 'myDFF:inst9|inst9~1'                                                               ;
+-------+--------------+----------------+------------------+---------------------+------------+-----------------------+
; Slack ; Actual Width ; Required Width ; Type             ; Clock               ; Clock Edge ; Target                ;
+-------+--------------+----------------+------------------+---------------------+------------+-----------------------+
; 0.500 ; 0.500        ; 0.000          ; High Pulse Width ; myDFF:inst9|inst9~1 ; Rise       ; inst9|inst11~1|datad  ;
; 0.500 ; 0.500        ; 0.000          ; Low Pulse Width  ; myDFF:inst9|inst9~1 ; Rise       ; inst9|inst11~1|datad  ;
; 0.500 ; 0.500        ; 0.000          ; High Pulse Width ; myDFF:inst9|inst9~1 ; Rise       ; inst9|inst9~1|combout ;
; 0.500 ; 0.500        ; 0.000          ; Low Pulse Width  ; myDFF:inst9|inst9~1 ; Rise       ; inst9|inst9~1|combout ;
; 0.500 ; 0.500        ; 0.000          ; High Pulse Width ; myDFF:inst9|inst9~1 ; Fall       ; myDFF:inst9|inst11~1  ;
; 0.500 ; 0.500        ; 0.000          ; Low Pulse Width  ; myDFF:inst9|inst9~1 ; Fall       ; myDFF:inst9|inst11~1  ;
+-------+--------------+----------------+------------------+---------------------+------------+-----------------------+


+-------------------------------------------------------------------------------------------------------------------+
; Slow Model Minimum Pulse Width: 'myDFF:inst|inst9~1'                                                              ;
+-------+--------------+----------------+------------------+--------------------+------------+----------------------+
; Slack ; Actual Width ; Required Width ; Type             ; Clock              ; Clock Edge ; Target               ;
+-------+--------------+----------------+------------------+--------------------+------------+----------------------+
; 0.500 ; 0.500        ; 0.000          ; High Pulse Width ; myDFF:inst|inst9~1 ; Rise       ; inst|inst11|datad    ;
; 0.500 ; 0.500        ; 0.000          ; Low Pulse Width  ; myDFF:inst|inst9~1 ; Rise       ; inst|inst11|datad    ;
; 0.500 ; 0.500        ; 0.000          ; High Pulse Width ; myDFF:inst|inst9~1 ; Rise       ; inst|inst9~1|combout ;
; 0.500 ; 0.500        ; 0.000          ; Low Pulse Width  ; myDFF:inst|inst9~1 ; Rise       ; inst|inst9~1|combout ;
; 0.500 ; 0.500        ; 0.000          ; High Pulse Width ; myDFF:inst|inst9~1 ; Fall       ; myDFF:inst|inst11    ;
; 0.500 ; 0.500        ; 0.000          ; Low Pulse Width  ; myDFF:inst|inst9~1 ; Fall       ; myDFF:inst|inst11    ;
+-------+--------------+----------------+------------------+--------------------+------------+----------------------+


+------------------------------------------------------------------------------------+
; Clock to Output Times                                                              ;
+-----------+---------------------+-------+-------+------------+---------------------+
; Data Port ; Clock Port          ; Rise  ; Fall  ; Clock Edge ; Clock Reference     ;
+-----------+---------------------+-------+-------+------------+---------------------+
; HEX10     ; myDFF:inst9|inst9~1 ;       ; 6.291 ; Rise       ; myDFF:inst9|inst9~1 ;
; HEX12     ; myDFF:inst9|inst9~1 ; 5.881 ;       ; Rise       ; myDFF:inst9|inst9~1 ;
; HEX13     ; myDFF:inst9|inst9~1 ;       ; 5.900 ; Rise       ; myDFF:inst9|inst9~1 ;
; HEX15     ; myDFF:inst9|inst9~1 ; 6.131 ;       ; Rise       ; myDFF:inst9|inst9~1 ;
; HEX16     ; myDFF:inst9|inst9~1 ;       ; 5.185 ; Rise       ; myDFF:inst9|inst9~1 ;
; LEDR0     ; myDFF:inst9|inst9~1 ; 6.279 ;       ; Rise       ; myDFF:inst9|inst9~1 ;
; HEX10     ; myDFF:inst9|inst9~1 ; 6.601 ; 6.601 ; Fall       ; myDFF:inst9|inst9~1 ;
; HEX12     ; myDFF:inst9|inst9~1 ; 6.191 ; 6.191 ; Fall       ; myDFF:inst9|inst9~1 ;
; HEX13     ; myDFF:inst9|inst9~1 ; 6.210 ; 6.210 ; Fall       ; myDFF:inst9|inst9~1 ;
; HEX15     ; myDFF:inst9|inst9~1 ; 6.441 ; 6.441 ; Fall       ; myDFF:inst9|inst9~1 ;
; HEX16     ; myDFF:inst9|inst9~1 ; 5.495 ; 5.495 ; Fall       ; myDFF:inst9|inst9~1 ;
; LEDR0     ; myDFF:inst9|inst9~1 ; 6.589 ; 6.589 ; Fall       ; myDFF:inst9|inst9~1 ;
; HEX10     ; myDFF:inst|inst9~1  ; 5.973 ;       ; Rise       ; myDFF:inst|inst9~1  ;
; HEX12     ; myDFF:inst|inst9~1  ;       ; 5.566 ; Rise       ; myDFF:inst|inst9~1  ;
; HEX13     ; myDFF:inst|inst9~1  ; 5.582 ;       ; Rise       ; myDFF:inst|inst9~1  ;
; HEX14     ; myDFF:inst|inst9~1  ; 4.948 ;       ; Rise       ; myDFF:inst|inst9~1  ;
; HEX15     ; myDFF:inst|inst9~1  ; 5.804 ;       ; Rise       ; myDFF:inst|inst9~1  ;
; LEDR0     ; myDFF:inst|inst9~1  ; 6.266 ;       ; Rise       ; myDFF:inst|inst9~1  ;
; HEX10     ; myDFF:inst|inst9~1  ; 6.282 ; 6.282 ; Fall       ; myDFF:inst|inst9~1  ;
; HEX12     ; myDFF:inst|inst9~1  ; 5.875 ; 5.875 ; Fall       ; myDFF:inst|inst9~1  ;
; HEX13     ; myDFF:inst|inst9~1  ; 5.891 ; 5.891 ; Fall       ; myDFF:inst|inst9~1  ;
; HEX14     ; myDFF:inst|inst9~1  ; 5.257 ; 5.257 ; Fall       ; myDFF:inst|inst9~1  ;
; HEX15     ; myDFF:inst|inst9~1  ; 6.113 ; 6.113 ; Fall       ; myDFF:inst|inst9~1  ;
; LEDR0     ; myDFF:inst|inst9~1  ; 6.575 ; 6.575 ; Fall       ; myDFF:inst|inst9~1  ;
+-----------+---------------------+-------+-------+------------+---------------------+


+------------------------------------------------------------------------------------+
; Minimum Clock to Output Times                                                      ;
+-----------+---------------------+-------+-------+------------+---------------------+
; Data Port ; Clock Port          ; Rise  ; Fall  ; Clock Edge ; Clock Reference     ;
+-----------+---------------------+-------+-------+------------+---------------------+
; HEX10     ; myDFF:inst9|inst9~1 ;       ; 6.291 ; Rise       ; myDFF:inst9|inst9~1 ;
; HEX12     ; myDFF:inst9|inst9~1 ; 5.881 ;       ; Rise       ; myDFF:inst9|inst9~1 ;
; HEX13     ; myDFF:inst9|inst9~1 ;       ; 5.900 ; Rise       ; myDFF:inst9|inst9~1 ;
; HEX15     ; myDFF:inst9|inst9~1 ; 6.131 ;       ; Rise       ; myDFF:inst9|inst9~1 ;
; HEX16     ; myDFF:inst9|inst9~1 ;       ; 5.185 ; Rise       ; myDFF:inst9|inst9~1 ;
; LEDR0     ; myDFF:inst9|inst9~1 ; 6.279 ;       ; Rise       ; myDFF:inst9|inst9~1 ;
; HEX10     ; myDFF:inst9|inst9~1 ; 6.291 ; 6.601 ; Fall       ; myDFF:inst9|inst9~1 ;
; HEX12     ; myDFF:inst9|inst9~1 ; 6.191 ; 5.881 ; Fall       ; myDFF:inst9|inst9~1 ;
; HEX13     ; myDFF:inst9|inst9~1 ; 5.900 ; 6.210 ; Fall       ; myDFF:inst9|inst9~1 ;
; HEX15     ; myDFF:inst9|inst9~1 ; 6.441 ; 6.131 ; Fall       ; myDFF:inst9|inst9~1 ;
; HEX16     ; myDFF:inst9|inst9~1 ; 5.185 ; 5.495 ; Fall       ; myDFF:inst9|inst9~1 ;
; LEDR0     ; myDFF:inst9|inst9~1 ; 6.589 ; 6.279 ; Fall       ; myDFF:inst9|inst9~1 ;
; HEX10     ; myDFF:inst|inst9~1  ; 5.973 ;       ; Rise       ; myDFF:inst|inst9~1  ;
; HEX12     ; myDFF:inst|inst9~1  ;       ; 5.566 ; Rise       ; myDFF:inst|inst9~1  ;
; HEX13     ; myDFF:inst|inst9~1  ; 5.582 ;       ; Rise       ; myDFF:inst|inst9~1  ;
; HEX14     ; myDFF:inst|inst9~1  ; 4.948 ;       ; Rise       ; myDFF:inst|inst9~1  ;
; HEX15     ; myDFF:inst|inst9~1  ; 5.804 ;       ; Rise       ; myDFF:inst|inst9~1  ;
; LEDR0     ; myDFF:inst|inst9~1  ; 6.266 ;       ; Rise       ; myDFF:inst|inst9~1  ;
; HEX10     ; myDFF:inst|inst9~1  ; 6.282 ; 5.973 ; Fall       ; myDFF:inst|inst9~1  ;
; HEX12     ; myDFF:inst|inst9~1  ; 5.566 ; 5.875 ; Fall       ; myDFF:inst|inst9~1  ;
; HEX13     ; myDFF:inst|inst9~1  ; 5.891 ; 5.582 ; Fall       ; myDFF:inst|inst9~1  ;
; HEX14     ; myDFF:inst|inst9~1  ; 5.257 ; 4.948 ; Fall       ; myDFF:inst|inst9~1  ;
; HEX15     ; myDFF:inst|inst9~1  ; 6.113 ; 5.804 ; Fall       ; myDFF:inst|inst9~1  ;
; LEDR0     ; myDFF:inst|inst9~1  ; 6.575 ; 6.266 ; Fall       ; myDFF:inst|inst9~1  ;
+-----------+---------------------+-------+-------+------------+---------------------+


+----------------------------------------------------------+
; Propagation Delay                                        ;
+------------+-------------+-------+-------+-------+-------+
; Input Port ; Output Port ; RR    ; RF    ; FR    ; FF    ;
+------------+-------------+-------+-------+-------+-------+
; KEY0       ; HEX10       ; 7.219 ; 7.386 ; 7.386 ; 7.219 ;
; KEY0       ; HEX12       ; 6.979 ; 6.809 ; 6.809 ; 6.979 ;
; KEY0       ; HEX13       ; 6.828 ; 6.995 ; 6.995 ; 6.828 ;
; KEY0       ; HEX14       ;       ; 6.361 ; 6.361 ;       ;
; KEY0       ; HEX15       ;       ; 7.217 ; 7.217 ;       ;
; KEY0       ; HEX16       ; 6.113 ;       ;       ; 6.113 ;
; KEY0       ; LEDR0       ;       ; 7.679 ; 7.679 ;       ;
; SW1        ; HEX00       ;       ; 6.007 ; 6.007 ;       ;
; SW1        ; HEX02       ; 5.987 ;       ;       ; 5.987 ;
; SW1        ; HEX03       ;       ; 5.757 ; 5.757 ;       ;
; SW1        ; HEX04       ;       ; 5.757 ; 5.757 ;       ;
; SW1        ; HEX06       ;       ; 5.747 ; 5.747 ;       ;
; SW1        ; LEDR0       ; 6.238 ; 6.238 ; 6.238 ; 6.238 ;
+------------+-------------+-------+-------+-------+-------+


+----------------------------------------------------------+
; Minimum Propagation Delay                                ;
+------------+-------------+-------+-------+-------+-------+
; Input Port ; Output Port ; RR    ; RF    ; FR    ; FF    ;
+------------+-------------+-------+-------+-------+-------+
; KEY0       ; HEX10       ; 7.219 ; 7.386 ; 7.386 ; 7.219 ;
; KEY0       ; HEX12       ; 6.979 ; 6.809 ; 6.809 ; 6.979 ;
; KEY0       ; HEX13       ; 6.828 ; 6.995 ; 6.995 ; 6.828 ;
; KEY0       ; HEX14       ;       ; 6.361 ; 6.361 ;       ;
; KEY0       ; HEX15       ;       ; 7.059 ; 7.059 ;       ;
; KEY0       ; HEX16       ; 6.113 ;       ;       ; 6.113 ;
; KEY0       ; LEDR0       ;       ; 7.207 ; 7.207 ;       ;
; SW1        ; HEX00       ;       ; 6.007 ; 6.007 ;       ;
; SW1        ; HEX02       ; 5.987 ;       ;       ; 5.987 ;
; SW1        ; HEX03       ;       ; 5.757 ; 5.757 ;       ;
; SW1        ; HEX04       ;       ; 5.757 ; 5.757 ;       ;
; SW1        ; HEX06       ;       ; 5.747 ; 5.747 ;       ;
; SW1        ; LEDR0       ; 6.238 ; 6.238 ; 6.238 ; 6.238 ;
+------------+-------------+-------+-------+-------+-------+


----------------------------
; Fast Model Setup Summary ;
----------------------------
No paths to report.


---------------------------
; Fast Model Hold Summary ;
---------------------------
No paths to report.


-------------------------------
; Fast Model Recovery Summary ;
-------------------------------
No paths to report.


------------------------------
; Fast Model Removal Summary ;
------------------------------
No paths to report.


+---------------------------------------------+
; Fast Model Minimum Pulse Width Summary      ;
+---------------------+-------+---------------+
; Clock               ; Slack ; End Point TNS ;
+---------------------+-------+---------------+
; myDFF:inst9|inst9~1 ; 0.500 ; 0.000         ;
; myDFF:inst|inst9~1  ; 0.500 ; 0.000         ;
+---------------------+-------+---------------+


+---------------------------------------------------------------------------------------------------------------------+
; Fast Model Minimum Pulse Width: 'myDFF:inst9|inst9~1'                                                               ;
+-------+--------------+----------------+------------------+---------------------+------------+-----------------------+
; Slack ; Actual Width ; Required Width ; Type             ; Clock               ; Clock Edge ; Target                ;
+-------+--------------+----------------+------------------+---------------------+------------+-----------------------+
; 0.500 ; 0.500        ; 0.000          ; High Pulse Width ; myDFF:inst9|inst9~1 ; Rise       ; inst9|inst11~1|datad  ;
; 0.500 ; 0.500        ; 0.000          ; Low Pulse Width  ; myDFF:inst9|inst9~1 ; Rise       ; inst9|inst11~1|datad  ;
; 0.500 ; 0.500        ; 0.000          ; High Pulse Width ; myDFF:inst9|inst9~1 ; Rise       ; inst9|inst9~1|combout ;
; 0.500 ; 0.500        ; 0.000          ; Low Pulse Width  ; myDFF:inst9|inst9~1 ; Rise       ; inst9|inst9~1|combout ;
; 0.500 ; 0.500        ; 0.000          ; High Pulse Width ; myDFF:inst9|inst9~1 ; Fall       ; myDFF:inst9|inst11~1  ;
; 0.500 ; 0.500        ; 0.000          ; Low Pulse Width  ; myDFF:inst9|inst9~1 ; Fall       ; myDFF:inst9|inst11~1  ;
+-------+--------------+----------------+------------------+---------------------+------------+-----------------------+


+-------------------------------------------------------------------------------------------------------------------+
; Fast Model Minimum Pulse Width: 'myDFF:inst|inst9~1'                                                              ;
+-------+--------------+----------------+------------------+--------------------+------------+----------------------+
; Slack ; Actual Width ; Required Width ; Type             ; Clock              ; Clock Edge ; Target               ;
+-------+--------------+----------------+------------------+--------------------+------------+----------------------+
; 0.500 ; 0.500        ; 0.000          ; High Pulse Width ; myDFF:inst|inst9~1 ; Rise       ; inst|inst11|datad    ;
; 0.500 ; 0.500        ; 0.000          ; Low Pulse Width  ; myDFF:inst|inst9~1 ; Rise       ; inst|inst11|datad    ;
; 0.500 ; 0.500        ; 0.000          ; High Pulse Width ; myDFF:inst|inst9~1 ; Rise       ; inst|inst9~1|combout ;
; 0.500 ; 0.500        ; 0.000          ; Low Pulse Width  ; myDFF:inst|inst9~1 ; Rise       ; inst|inst9~1|combout ;
; 0.500 ; 0.500        ; 0.000          ; High Pulse Width ; myDFF:inst|inst9~1 ; Fall       ; myDFF:inst|inst11    ;
; 0.500 ; 0.500        ; 0.000          ; Low Pulse Width  ; myDFF:inst|inst9~1 ; Fall       ; myDFF:inst|inst11    ;
+-------+--------------+----------------+------------------+--------------------+------------+----------------------+


+------------------------------------------------------------------------------------+
; Clock to Output Times                                                              ;
+-----------+---------------------+-------+-------+------------+---------------------+
; Data Port ; Clock Port          ; Rise  ; Fall  ; Clock Edge ; Clock Reference     ;
+-----------+---------------------+-------+-------+------------+---------------------+
; HEX10     ; myDFF:inst9|inst9~1 ;       ; 3.160 ; Rise       ; myDFF:inst9|inst9~1 ;
; HEX12     ; myDFF:inst9|inst9~1 ; 2.896 ;       ; Rise       ; myDFF:inst9|inst9~1 ;
; HEX13     ; myDFF:inst9|inst9~1 ;       ; 2.931 ; Rise       ; myDFF:inst9|inst9~1 ;
; HEX15     ; myDFF:inst9|inst9~1 ; 3.013 ;       ; Rise       ; myDFF:inst9|inst9~1 ;
; HEX16     ; myDFF:inst9|inst9~1 ;       ; 2.604 ; Rise       ; myDFF:inst9|inst9~1 ;
; LEDR0     ; myDFF:inst9|inst9~1 ; 3.161 ;       ; Rise       ; myDFF:inst9|inst9~1 ;
; HEX10     ; myDFF:inst9|inst9~1 ; 3.267 ; 3.267 ; Fall       ; myDFF:inst9|inst9~1 ;
; HEX12     ; myDFF:inst9|inst9~1 ; 3.003 ; 3.003 ; Fall       ; myDFF:inst9|inst9~1 ;
; HEX13     ; myDFF:inst9|inst9~1 ; 3.038 ; 3.038 ; Fall       ; myDFF:inst9|inst9~1 ;
; HEX15     ; myDFF:inst9|inst9~1 ; 3.120 ; 3.120 ; Fall       ; myDFF:inst9|inst9~1 ;
; HEX16     ; myDFF:inst9|inst9~1 ; 2.711 ; 2.711 ; Fall       ; myDFF:inst9|inst9~1 ;
; LEDR0     ; myDFF:inst9|inst9~1 ; 3.268 ; 3.268 ; Fall       ; myDFF:inst9|inst9~1 ;
; HEX10     ; myDFF:inst|inst9~1  ; 3.001 ;       ; Rise       ; myDFF:inst|inst9~1  ;
; HEX12     ; myDFF:inst|inst9~1  ;       ; 2.767 ; Rise       ; myDFF:inst|inst9~1  ;
; HEX13     ; myDFF:inst|inst9~1  ; 2.772 ;       ; Rise       ; myDFF:inst|inst9~1  ;
; HEX14     ; myDFF:inst|inst9~1  ; 2.496 ;       ; Rise       ; myDFF:inst|inst9~1  ;
; HEX15     ; myDFF:inst|inst9~1  ; 2.889 ;       ; Rise       ; myDFF:inst|inst9~1  ;
; LEDR0     ; myDFF:inst|inst9~1  ; 3.164 ;       ; Rise       ; myDFF:inst|inst9~1  ;
; HEX10     ; myDFF:inst|inst9~1  ; 3.104 ; 3.104 ; Fall       ; myDFF:inst|inst9~1  ;
; HEX12     ; myDFF:inst|inst9~1  ; 2.870 ; 2.870 ; Fall       ; myDFF:inst|inst9~1  ;
; HEX13     ; myDFF:inst|inst9~1  ; 2.875 ; 2.875 ; Fall       ; myDFF:inst|inst9~1  ;
; HEX14     ; myDFF:inst|inst9~1  ; 2.599 ; 2.599 ; Fall       ; myDFF:inst|inst9~1  ;
; HEX15     ; myDFF:inst|inst9~1  ; 2.992 ; 2.992 ; Fall       ; myDFF:inst|inst9~1  ;
; LEDR0     ; myDFF:inst|inst9~1  ; 3.267 ; 3.267 ; Fall       ; myDFF:inst|inst9~1  ;
+-----------+---------------------+-------+-------+------------+---------------------+


+------------------------------------------------------------------------------------+
; Minimum Clock to Output Times                                                      ;
+-----------+---------------------+-------+-------+------------+---------------------+
; Data Port ; Clock Port          ; Rise  ; Fall  ; Clock Edge ; Clock Reference     ;
+-----------+---------------------+-------+-------+------------+---------------------+
; HEX10     ; myDFF:inst9|inst9~1 ;       ; 3.160 ; Rise       ; myDFF:inst9|inst9~1 ;
; HEX12     ; myDFF:inst9|inst9~1 ; 2.896 ;       ; Rise       ; myDFF:inst9|inst9~1 ;
; HEX13     ; myDFF:inst9|inst9~1 ;       ; 2.931 ; Rise       ; myDFF:inst9|inst9~1 ;
; HEX15     ; myDFF:inst9|inst9~1 ; 3.013 ;       ; Rise       ; myDFF:inst9|inst9~1 ;
; HEX16     ; myDFF:inst9|inst9~1 ;       ; 2.604 ; Rise       ; myDFF:inst9|inst9~1 ;
; LEDR0     ; myDFF:inst9|inst9~1 ; 3.161 ;       ; Rise       ; myDFF:inst9|inst9~1 ;
; HEX10     ; myDFF:inst9|inst9~1 ; 3.160 ; 3.267 ; Fall       ; myDFF:inst9|inst9~1 ;
; HEX12     ; myDFF:inst9|inst9~1 ; 3.003 ; 2.896 ; Fall       ; myDFF:inst9|inst9~1 ;
; HEX13     ; myDFF:inst9|inst9~1 ; 2.931 ; 3.038 ; Fall       ; myDFF:inst9|inst9~1 ;
; HEX15     ; myDFF:inst9|inst9~1 ; 3.120 ; 3.013 ; Fall       ; myDFF:inst9|inst9~1 ;
; HEX16     ; myDFF:inst9|inst9~1 ; 2.604 ; 2.711 ; Fall       ; myDFF:inst9|inst9~1 ;
; LEDR0     ; myDFF:inst9|inst9~1 ; 3.268 ; 3.161 ; Fall       ; myDFF:inst9|inst9~1 ;
; HEX10     ; myDFF:inst|inst9~1  ; 3.001 ;       ; Rise       ; myDFF:inst|inst9~1  ;
; HEX12     ; myDFF:inst|inst9~1  ;       ; 2.767 ; Rise       ; myDFF:inst|inst9~1  ;
; HEX13     ; myDFF:inst|inst9~1  ; 2.772 ;       ; Rise       ; myDFF:inst|inst9~1  ;
; HEX14     ; myDFF:inst|inst9~1  ; 2.496 ;       ; Rise       ; myDFF:inst|inst9~1  ;
; HEX15     ; myDFF:inst|inst9~1  ; 2.889 ;       ; Rise       ; myDFF:inst|inst9~1  ;
; LEDR0     ; myDFF:inst|inst9~1  ; 3.164 ;       ; Rise       ; myDFF:inst|inst9~1  ;
; HEX10     ; myDFF:inst|inst9~1  ; 3.104 ; 3.001 ; Fall       ; myDFF:inst|inst9~1  ;
; HEX12     ; myDFF:inst|inst9~1  ; 2.767 ; 2.870 ; Fall       ; myDFF:inst|inst9~1  ;
; HEX13     ; myDFF:inst|inst9~1  ; 2.875 ; 2.772 ; Fall       ; myDFF:inst|inst9~1  ;
; HEX14     ; myDFF:inst|inst9~1  ; 2.599 ; 2.496 ; Fall       ; myDFF:inst|inst9~1  ;
; HEX15     ; myDFF:inst|inst9~1  ; 2.992 ; 2.889 ; Fall       ; myDFF:inst|inst9~1  ;
; LEDR0     ; myDFF:inst|inst9~1  ; 3.267 ; 3.164 ; Fall       ; myDFF:inst|inst9~1  ;
+-----------+---------------------+-------+-------+------------+---------------------+


+----------------------------------------------------------+
; Propagation Delay                                        ;
+------------+-------------+-------+-------+-------+-------+
; Input Port ; Output Port ; RR    ; RF    ; FR    ; FF    ;
+------------+-------------+-------+-------+-------+-------+
; KEY0       ; HEX10       ; 3.695 ; 3.741 ; 3.741 ; 3.695 ;
; KEY0       ; HEX12       ; 3.507 ; 3.431 ; 3.431 ; 3.507 ;
; KEY0       ; HEX13       ; 3.466 ; 3.512 ; 3.512 ; 3.466 ;
; KEY0       ; HEX14       ;       ; 3.236 ; 3.236 ;       ;
; KEY0       ; HEX15       ;       ; 3.629 ; 3.629 ;       ;
; KEY0       ; HEX16       ; 3.139 ;       ;       ; 3.139 ;
; KEY0       ; LEDR0       ;       ; 3.904 ; 3.904 ;       ;
; SW1        ; HEX00       ;       ; 3.271 ; 3.271 ;       ;
; SW1        ; HEX02       ; 3.251 ;       ;       ; 3.251 ;
; SW1        ; HEX03       ;       ; 3.149 ; 3.149 ;       ;
; SW1        ; HEX04       ;       ; 3.149 ; 3.149 ;       ;
; SW1        ; HEX06       ;       ; 3.139 ; 3.139 ;       ;
; SW1        ; LEDR0       ; 3.283 ; 3.283 ; 3.283 ; 3.283 ;
+------------+-------------+-------+-------+-------+-------+


+----------------------------------------------------------+
; Minimum Propagation Delay                                ;
+------------+-------------+-------+-------+-------+-------+
; Input Port ; Output Port ; RR    ; RF    ; FR    ; FF    ;
+------------+-------------+-------+-------+-------+-------+
; KEY0       ; HEX10       ; 3.695 ; 3.741 ; 3.741 ; 3.695 ;
; KEY0       ; HEX12       ; 3.507 ; 3.431 ; 3.431 ; 3.507 ;
; KEY0       ; HEX13       ; 3.466 ; 3.512 ; 3.512 ; 3.466 ;
; KEY0       ; HEX14       ;       ; 3.236 ; 3.236 ;       ;
; KEY0       ; HEX15       ;       ; 3.548 ; 3.548 ;       ;
; KEY0       ; HEX16       ; 3.139 ;       ;       ; 3.139 ;
; KEY0       ; LEDR0       ;       ; 3.696 ; 3.696 ;       ;
; SW1        ; HEX00       ;       ; 3.271 ; 3.271 ;       ;
; SW1        ; HEX02       ; 3.251 ;       ;       ; 3.251 ;
; SW1        ; HEX03       ;       ; 3.149 ; 3.149 ;       ;
; SW1        ; HEX04       ;       ; 3.149 ; 3.149 ;       ;
; SW1        ; HEX06       ;       ; 3.139 ; 3.139 ;       ;
; SW1        ; LEDR0       ; 3.283 ; 3.283 ; 3.283 ; 3.283 ;
+------------+-------------+-------+-------+-------+-------+


+--------------------------------------------------------------------------------+
; Multicorner Timing Analysis Summary                                            ;
+----------------------+-------+------+----------+---------+---------------------+
; Clock                ; Setup ; Hold ; Recovery ; Removal ; Minimum Pulse Width ;
+----------------------+-------+------+----------+---------+---------------------+
; Worst-case Slack     ; N/A   ; N/A  ; N/A      ; N/A     ; 0.500               ;
;  myDFF:inst9|inst9~1 ; N/A   ; N/A  ; N/A      ; N/A     ; 0.500               ;
;  myDFF:inst|inst9~1  ; N/A   ; N/A  ; N/A      ; N/A     ; 0.500               ;
; Design-wide TNS      ; 0.0   ; 0.0  ; 0.0      ; 0.0     ; 0.0                 ;
;  myDFF:inst9|inst9~1 ; N/A   ; N/A  ; N/A      ; N/A     ; 0.000               ;
;  myDFF:inst|inst9~1  ; N/A   ; N/A  ; N/A      ; N/A     ; 0.000               ;
+----------------------+-------+------+----------+---------+---------------------+


+------------------------------------------------------------------------------------+
; Clock to Output Times                                                              ;
+-----------+---------------------+-------+-------+------------+---------------------+
; Data Port ; Clock Port          ; Rise  ; Fall  ; Clock Edge ; Clock Reference     ;
+-----------+---------------------+-------+-------+------------+---------------------+
; HEX10     ; myDFF:inst9|inst9~1 ;       ; 6.291 ; Rise       ; myDFF:inst9|inst9~1 ;
; HEX12     ; myDFF:inst9|inst9~1 ; 5.881 ;       ; Rise       ; myDFF:inst9|inst9~1 ;
; HEX13     ; myDFF:inst9|inst9~1 ;       ; 5.900 ; Rise       ; myDFF:inst9|inst9~1 ;
; HEX15     ; myDFF:inst9|inst9~1 ; 6.131 ;       ; Rise       ; myDFF:inst9|inst9~1 ;
; HEX16     ; myDFF:inst9|inst9~1 ;       ; 5.185 ; Rise       ; myDFF:inst9|inst9~1 ;
; LEDR0     ; myDFF:inst9|inst9~1 ; 6.279 ;       ; Rise       ; myDFF:inst9|inst9~1 ;
; HEX10     ; myDFF:inst9|inst9~1 ; 6.601 ; 6.601 ; Fall       ; myDFF:inst9|inst9~1 ;
; HEX12     ; myDFF:inst9|inst9~1 ; 6.191 ; 6.191 ; Fall       ; myDFF:inst9|inst9~1 ;
; HEX13     ; myDFF:inst9|inst9~1 ; 6.210 ; 6.210 ; Fall       ; myDFF:inst9|inst9~1 ;
; HEX15     ; myDFF:inst9|inst9~1 ; 6.441 ; 6.441 ; Fall       ; myDFF:inst9|inst9~1 ;
; HEX16     ; myDFF:inst9|inst9~1 ; 5.495 ; 5.495 ; Fall       ; myDFF:inst9|inst9~1 ;
; LEDR0     ; myDFF:inst9|inst9~1 ; 6.589 ; 6.589 ; Fall       ; myDFF:inst9|inst9~1 ;
; HEX10     ; myDFF:inst|inst9~1  ; 5.973 ;       ; Rise       ; myDFF:inst|inst9~1  ;
; HEX12     ; myDFF:inst|inst9~1  ;       ; 5.566 ; Rise       ; myDFF:inst|inst9~1  ;
; HEX13     ; myDFF:inst|inst9~1  ; 5.582 ;       ; Rise       ; myDFF:inst|inst9~1  ;
; HEX14     ; myDFF:inst|inst9~1  ; 4.948 ;       ; Rise       ; myDFF:inst|inst9~1  ;
; HEX15     ; myDFF:inst|inst9~1  ; 5.804 ;       ; Rise       ; myDFF:inst|inst9~1  ;
; LEDR0     ; myDFF:inst|inst9~1  ; 6.266 ;       ; Rise       ; myDFF:inst|inst9~1  ;
; HEX10     ; myDFF:inst|inst9~1  ; 6.282 ; 6.282 ; Fall       ; myDFF:inst|inst9~1  ;
; HEX12     ; myDFF:inst|inst9~1  ; 5.875 ; 5.875 ; Fall       ; myDFF:inst|inst9~1  ;
; HEX13     ; myDFF:inst|inst9~1  ; 5.891 ; 5.891 ; Fall       ; myDFF:inst|inst9~1  ;
; HEX14     ; myDFF:inst|inst9~1  ; 5.257 ; 5.257 ; Fall       ; myDFF:inst|inst9~1  ;
; HEX15     ; myDFF:inst|inst9~1  ; 6.113 ; 6.113 ; Fall       ; myDFF:inst|inst9~1  ;
; LEDR0     ; myDFF:inst|inst9~1  ; 6.575 ; 6.575 ; Fall       ; myDFF:inst|inst9~1  ;
+-----------+---------------------+-------+-------+------------+---------------------+


+------------------------------------------------------------------------------------+
; Minimum Clock to Output Times                                                      ;
+-----------+---------------------+-------+-------+------------+---------------------+
; Data Port ; Clock Port          ; Rise  ; Fall  ; Clock Edge ; Clock Reference     ;
+-----------+---------------------+-------+-------+------------+---------------------+
; HEX10     ; myDFF:inst9|inst9~1 ;       ; 3.160 ; Rise       ; myDFF:inst9|inst9~1 ;
; HEX12     ; myDFF:inst9|inst9~1 ; 2.896 ;       ; Rise       ; myDFF:inst9|inst9~1 ;
; HEX13     ; myDFF:inst9|inst9~1 ;       ; 2.931 ; Rise       ; myDFF:inst9|inst9~1 ;
; HEX15     ; myDFF:inst9|inst9~1 ; 3.013 ;       ; Rise       ; myDFF:inst9|inst9~1 ;
; HEX16     ; myDFF:inst9|inst9~1 ;       ; 2.604 ; Rise       ; myDFF:inst9|inst9~1 ;
; LEDR0     ; myDFF:inst9|inst9~1 ; 3.161 ;       ; Rise       ; myDFF:inst9|inst9~1 ;
; HEX10     ; myDFF:inst9|inst9~1 ; 3.160 ; 3.267 ; Fall       ; myDFF:inst9|inst9~1 ;
; HEX12     ; myDFF:inst9|inst9~1 ; 3.003 ; 2.896 ; Fall       ; myDFF:inst9|inst9~1 ;
; HEX13     ; myDFF:inst9|inst9~1 ; 2.931 ; 3.038 ; Fall       ; myDFF:inst9|inst9~1 ;
; HEX15     ; myDFF:inst9|inst9~1 ; 3.120 ; 3.013 ; Fall       ; myDFF:inst9|inst9~1 ;
; HEX16     ; myDFF:inst9|inst9~1 ; 2.604 ; 2.711 ; Fall       ; myDFF:inst9|inst9~1 ;
; LEDR0     ; myDFF:inst9|inst9~1 ; 3.268 ; 3.161 ; Fall       ; myDFF:inst9|inst9~1 ;
; HEX10     ; myDFF:inst|inst9~1  ; 3.001 ;       ; Rise       ; myDFF:inst|inst9~1  ;
; HEX12     ; myDFF:inst|inst9~1  ;       ; 2.767 ; Rise       ; myDFF:inst|inst9~1  ;
; HEX13     ; myDFF:inst|inst9~1  ; 2.772 ;       ; Rise       ; myDFF:inst|inst9~1  ;
; HEX14     ; myDFF:inst|inst9~1  ; 2.496 ;       ; Rise       ; myDFF:inst|inst9~1  ;
; HEX15     ; myDFF:inst|inst9~1  ; 2.889 ;       ; Rise       ; myDFF:inst|inst9~1  ;
; LEDR0     ; myDFF:inst|inst9~1  ; 3.164 ;       ; Rise       ; myDFF:inst|inst9~1  ;
; HEX10     ; myDFF:inst|inst9~1  ; 3.104 ; 3.001 ; Fall       ; myDFF:inst|inst9~1  ;
; HEX12     ; myDFF:inst|inst9~1  ; 2.767 ; 2.870 ; Fall       ; myDFF:inst|inst9~1  ;
; HEX13     ; myDFF:inst|inst9~1  ; 2.875 ; 2.772 ; Fall       ; myDFF:inst|inst9~1  ;
; HEX14     ; myDFF:inst|inst9~1  ; 2.599 ; 2.496 ; Fall       ; myDFF:inst|inst9~1  ;
; HEX15     ; myDFF:inst|inst9~1  ; 2.992 ; 2.889 ; Fall       ; myDFF:inst|inst9~1  ;
; LEDR0     ; myDFF:inst|inst9~1  ; 3.267 ; 3.164 ; Fall       ; myDFF:inst|inst9~1  ;
+-----------+---------------------+-------+-------+------------+---------------------+


+----------------------------------------------------------+
; Progagation Delay                                        ;
+------------+-------------+-------+-------+-------+-------+
; Input Port ; Output Port ; RR    ; RF    ; FR    ; FF    ;
+------------+-------------+-------+-------+-------+-------+
; KEY0       ; HEX10       ; 7.219 ; 7.386 ; 7.386 ; 7.219 ;
; KEY0       ; HEX12       ; 6.979 ; 6.809 ; 6.809 ; 6.979 ;
; KEY0       ; HEX13       ; 6.828 ; 6.995 ; 6.995 ; 6.828 ;
; KEY0       ; HEX14       ;       ; 6.361 ; 6.361 ;       ;
; KEY0       ; HEX15       ;       ; 7.217 ; 7.217 ;       ;
; KEY0       ; HEX16       ; 6.113 ;       ;       ; 6.113 ;
; KEY0       ; LEDR0       ;       ; 7.679 ; 7.679 ;       ;
; SW1        ; HEX00       ;       ; 6.007 ; 6.007 ;       ;
; SW1        ; HEX02       ; 5.987 ;       ;       ; 5.987 ;
; SW1        ; HEX03       ;       ; 5.757 ; 5.757 ;       ;
; SW1        ; HEX04       ;       ; 5.757 ; 5.757 ;       ;
; SW1        ; HEX06       ;       ; 5.747 ; 5.747 ;       ;
; SW1        ; LEDR0       ; 6.238 ; 6.238 ; 6.238 ; 6.238 ;
+------------+-------------+-------+-------+-------+-------+


+----------------------------------------------------------+
; Minimum Progagation Delay                                ;
+------------+-------------+-------+-------+-------+-------+
; Input Port ; Output Port ; RR    ; RF    ; FR    ; FF    ;
+------------+-------------+-------+-------+-------+-------+
; KEY0       ; HEX10       ; 3.695 ; 3.741 ; 3.741 ; 3.695 ;
; KEY0       ; HEX12       ; 3.507 ; 3.431 ; 3.431 ; 3.507 ;
; KEY0       ; HEX13       ; 3.466 ; 3.512 ; 3.512 ; 3.466 ;
; KEY0       ; HEX14       ;       ; 3.236 ; 3.236 ;       ;
; KEY0       ; HEX15       ;       ; 3.548 ; 3.548 ;       ;
; KEY0       ; HEX16       ; 3.139 ;       ;       ; 3.139 ;
; KEY0       ; LEDR0       ;       ; 3.696 ; 3.696 ;       ;
; SW1        ; HEX00       ;       ; 3.271 ; 3.271 ;       ;
; SW1        ; HEX02       ; 3.251 ;       ;       ; 3.251 ;
; SW1        ; HEX03       ;       ; 3.149 ; 3.149 ;       ;
; SW1        ; HEX04       ;       ; 3.149 ; 3.149 ;       ;
; SW1        ; HEX06       ;       ; 3.139 ; 3.139 ;       ;
; SW1        ; LEDR0       ; 3.283 ; 3.283 ; 3.283 ; 3.283 ;
+------------+-------------+-------+-------+-------+-------+


-------------------
; Clock Transfers ;
-------------------
Nothing to report.


---------------
; Report TCCS ;
---------------
No dedicated SERDES Transmitter circuitry present in device or used in design


---------------
; Report RSKM ;
---------------
No dedicated SERDES Receiver circuitry present in device or used in design


+------------------------------------------------+
; Unconstrained Paths                            ;
+---------------------------------+-------+------+
; Property                        ; Setup ; Hold ;
+---------------------------------+-------+------+
; Illegal Clocks                  ; 0     ; 0    ;
; Unconstrained Clocks            ; 0     ; 0    ;
; Unconstrained Input Ports       ; 2     ; 2    ;
; Unconstrained Input Port Paths  ; 19    ; 19   ;
; Unconstrained Output Ports      ; 12    ; 12   ;
; Unconstrained Output Port Paths ; 37    ; 37   ;
+---------------------------------+-------+------+


+------------------------------------+
; TimeQuest Timing Analyzer Messages ;
+------------------------------------+
Info: *******************************************************************
Info: Running Quartus II 64-Bit TimeQuest Timing Analyzer
    Info: Version 13.0.1 Build 232 06/12/2013 Service Pack 1 SJ Web Edition
    Info: Processing started: Tue Dec 02 09:39:00 2025
Info: Command: quartus_sta LAB02MEALY -c LAB02MEALY
Info: qsta_default_script.tcl version: #1
Warning (20028): Parallel compilation is not licensed and has been disabled
Info (21077): Low junction temperature is 0 degrees C
Info (21077): High junction temperature is 85 degrees C
Warning (335093): TimeQuest Timing Analyzer is analyzing 4 combinational loops as latches.
Critical Warning (332012): Synopsys Design Constraints File file not found: 'LAB02MEALY.sdc'. A Synopsys Design Constraints File is required by the TimeQuest Timing Analyzer to get proper timing constraints. Without it, the Compiler will not properly optimize the design.
Info (332142): No user constrained base clocks found in the design. Calling "derive_clocks -period 1.0"
Info (332105): Deriving Clocks
    Info (332105): create_clock -period 1.000 -name myDFF:inst9|inst9~1 myDFF:inst9|inst9~1
    Info (332105): create_clock -period 1.000 -name myDFF:inst|inst9~1 myDFF:inst|inst9~1
Warning (332125): Found combinational loop of 2 nodes
    Warning (332126): Node "inst|inst12~1|combout"
    Warning (332126): Node "inst|inst12~1|datad"
Warning (332125): Found combinational loop of 2 nodes
    Warning (332126): Node "inst9|inst12~1|combout"
    Warning (332126): Node "inst9|inst12~1|datac"
Info: Found TIMEQUEST_REPORT_SCRIPT_INCLUDE_DEFAULT_ANALYSIS = ON
Info: Analyzing Slow Model
Info (332140): No fmax paths to report
Info (332140): No Setup paths to report
Info (332140): No Hold paths to report
Info (332140): No Recovery paths to report
Info (332140): No Removal paths to report
Info (332146): Worst-case minimum pulse width slack is 0.500
    Info (332119):     Slack End Point TNS Clock 
    Info (332119): ========= ============= =====================
    Info (332119):     0.500         0.000 myDFF:inst9|inst9~1 
    Info (332119):     0.500         0.000 myDFF:inst|inst9~1 
Info (332001): The selected device family is not supported by the report_metastability command.
Info: Analyzing Fast Model
Info (332140): No Setup paths to report
Info (332140): No Hold paths to report
Info (332140): No Recovery paths to report
Info (332140): No Removal paths to report
Info (332146): Worst-case minimum pulse width slack is 0.500
    Info (332119):     Slack End Point TNS Clock 
    Info (332119): ========= ============= =====================
    Info (332119):     0.500         0.000 myDFF:inst9|inst9~1 
    Info (332119):     0.500         0.000 myDFF:inst|inst9~1 
Info (332001): The selected device family is not supported by the report_metastability command.
Info (332102): Design is not fully constrained for setup requirements
Info (332102): Design is not fully constrained for hold requirements
Info: Quartus II 64-Bit TimeQuest Timing Analyzer was successful. 0 errors, 9 warnings
    Info: Peak virtual memory: 4542 megabytes
    Info: Processing ended: Tue Dec 02 09:39:01 2025
    Info: Elapsed time: 00:00:01
    Info: Total CPU time (on all processors): 00:00:01


